2026-02-02 06:38:29 - root - INFO - ✓ Logging to file: /Workspace/Users/ajmalkhan88083@gmail.com/end_to_end_data_engineering/Logs/etl_pipeline_20260202_063829.log
2026-02-02 06:38:29 - __main__ - INFO - Starting Problem 1: Customer Lifetime Value
2026-02-02 06:38:29 - __main__ - INFO - Step 1: Extracting data...
2026-02-02 06:38:29 - __main__ - INFO - Starting data extraction...
2026-02-02 06:38:29 - __main__ - INFO -   Reading customer.csv...
2026-02-02 06:38:31 - __main__ - INFO - Loaded 6000000 customer records
2026-02-02 06:38:31 - __main__ - INFO -   Reading orders.csv...
2026-02-02 06:38:33 - __main__ - INFO - Loaded 10000000 Order records
2026-02-02 06:38:33 - __main__ - INFO -   Reading order_items.csv...
2026-02-02 06:38:37 - __main__ - INFO - Loaded 30000000 order_items records
2026-02-02 06:38:37 - __main__ - INFO -   Reading product.csv...
2026-02-02 06:38:37 - __main__ - INFO - Loaded 150000 product records
2026-02-02 06:39:04 - __main__ - INFO - Extraction successful
2026-02-02 06:39:04 - __main__ - INFO - Step 2: Transforming data...
2026-02-02 06:39:06 - __main__ - INFO -  Transformation successful. Rows: 4673432
2026-02-02 06:39:08 - __main__ - INFO - Step 3: Loading data to sink...
2026-02-02 06:39:08 - __main__ - INFO - Loading CLV data to DBFS...
2026-02-02 06:39:09 - __main__ - INFO -   Total rows to load: 4673432
2026-02-02 06:39:12 - __main__ - INFO -  Successfully loaded 4673432 rows to DBFS...
2026-02-02 06:39:12 - __main__ - INFO -  Loading successful
2026-02-02 06:39:12 - __main__ - INFO -  Problem 1 COMPLETED

