2026-02-27 05:28:24 - root - INFO - âś“ Logging to file: /Workspace/Users/ajmalkhan88083@gmail.com/end_to_end_data_engineering/Logs/etl_pipeline_20260227_052824.log
2026-02-27 05:28:24 - __main__ - INFO - Starting Problem 7: Which payment methods drive the most revenue?
2026-02-27 05:28:24 - __main__ - INFO - Step 1: Extracting data...
2026-02-27 05:28:24 - __main__ - INFO - Starting data extraction...
2026-02-27 05:28:24 - __main__ - INFO -   Reading customer.csv...
2026-02-27 05:28:26 - __main__ - INFO - Loaded 6000000 customer records
2026-02-27 05:28:26 - __main__ - INFO -   Reading orders.csv...
2026-02-27 05:28:29 - __main__ - INFO - Loaded 10000000 Order records
2026-02-27 05:28:29 - __main__ - INFO -   Reading order_items.csv...
2026-02-27 05:28:33 - __main__ - INFO - Loaded 30000000 order_items records
2026-02-27 05:28:33 - __main__ - INFO -   Reading product.csv...
2026-02-27 05:28:34 - __main__ - INFO - Loaded 150000 product records
2026-02-27 05:29:03 - __main__ - INFO - Extraction successful
2026-02-27 05:29:03 - __main__ - ERROR - Problem 7 FAILED
2026-02-27 05:29:03 - __main__ - ERROR - Error: [AMBIGUOUS_COLUMN_REFERENCE] Column "product_id" is ambiguous. It's because you joined several DataFrame together, and some of these DataFrames are the same.
This column points to one of the DataFrames but Spark is unable to figure out which one.
Please alias the DataFrames with different names via `DataFrame.alias` before joining them,
and specify the column using qualified name, e.g. `df.alias("a").join(df.alias("b"), col("a.id") > col("b.id"))`. SQLSTATE: 42702

JVM stacktrace:
org.apache.spark.sql.AnalysisException
	at org.apache.spark.sql.errors.QueryCompilationErrors$.ambiguousColumnReferences(QueryCompilationErrors.scala:6275)
	at org.apache.spark.sql.catalyst.analysis.ColumnResolutionHelper.$anonfun$resolveDataFrameColumnByPlanId$4(ColumnResolutionHelper.scala:608)
	at scala.collection.IterableOnceOps.foldLeft(IterableOnce.scala:687)
	at scala.collection.IterableOnceOps.foldLeft$(IterableOnce.scala:721)
	at scala.collection.AbstractIterable.foldLeft(Iterable.scala:935)
	at org.apache.spark.sql.catalyst.analysis.ColumnResolutionHelper.resolveDataFrameColumnByPlanId(ColumnResolutionHelper.scala:605)
	at org.apache.spark.sql.catalyst.analysis.ColumnResolutionHelper.resolveDataFrameColumn(ColumnResolutionHelper.scala:583)
	at org.apache.spark.sql.catalyst.analysis.ColumnResolutionHelper.tryResolveDataFrameColumns(ColumnResolutionHelper.scala:564)
	at org.apache.spark.sql.catalyst.analysis.ColumnResolutionHelper.$anonfun$tryResolveDataFrameColumns$2(ColumnResolutionHelper.scala:568)
	at scala.collection.immutable.List.map(List.scala:251)
	at scala.collection.immutable.List.map(List.scala:79)
	at org.apache.spark.sql.catalyst.trees.TreeNode.mapChildren(TreeNode.scala:808)
	at org.apache.spark.sql.catalyst.analysis.ColumnResolutionHelper.tryResolveDataFrameColumns(ColumnResolutionHelper.scala:568)
	at org.apache.spark.sql.catalyst.analysis.ColumnResolutionHelper.resolveExpressionByPlanChildren(ColumnResolutionHelper.scala:492)
	at org.apache.spark.sql.catalyst.analysis.ColumnResolutionHelper.resolveExpressionByPlanChildren$(ColumnResolutionHelper.scala:487)
	at org.apache.spark.sql.catalyst.analysis.Analyzer$ResolveReferences.resolveExpressionByPlanChildren(Analyzer.scala:2292)
	at org.apache.spark.sql.catalyst.analysis.Analyzer$ResolveReferences$$anonfun$doApply$3.$anonfun$applyOrElse$142(Analyzer.scala:2623)
	at org.apache.spark.sql.catalyst.plans.QueryPlan.$anonfun$mapExpressions$1(QueryPlan.scala:259)
	at org.apache.spark.sql.catalyst.trees.CurrentOrigin$.withOrigin(origin.scala:142)
	at org.apache.spark.sql.catalyst.plans.QueryPlan.transformExpression$1(QueryPlan.scala:259)
	at org.apache.spark.sql.catalyst.plans.QueryPlan.recursiveTransform$1(QueryPlan.scala:271)
	at org.apache.spark.sql.catalyst.plans.QueryPlan.recursiveTransform$1(QueryPlan.scala:272)
	at org.apache.spark.sql.catalyst.plans.QueryPlan.$anonfun$mapExpressions$5(QueryPlan.scala:282)
	at org.apache.spark.sql.catalyst.trees.TreeNode.mapProductIterator(TreeNode.scala:411)
	at org.apache.spark.sql.catalyst.plans.QueryPlan.mapExpressions(QueryPlan.scala:282)
	at org.apache.spark.sql.catalyst.analysis.Analyzer$ResolveReferences$$anonfun$doApply$3.applyOrElse(Analyzer.scala:2623)
	at org.apache.spark.sql.catalyst.analysis.Analyzer$ResolveReferences$$anonfun$doApply$3.applyOrElse(Analyzer.scala:2339)
	at org.apache.spark.sql.catalyst.plans.logical.AnalysisHelper.$anonfun$resolveOperatorsUpWithPruning$3(AnalysisHelper.scala:141)
	at org.apache.spark.sql.catalyst.trees.CurrentOrigin$.withOrigin(origin.scala:142)
	at org.apache.spark.sql.catalyst.plans.logical.AnalysisHelper.$anonfun$resolveOperatorsUpWithPruning$1(AnalysisHelper.scala:141)
	at org.apache.spark.sql.catalyst.plans.logical.AnalysisHelper$.allowInvokingTransformsInAnalyzer(AnalysisHelper.scala:418)
	at org.apache.spark.sql.catalyst.plans.logical.AnalysisHelper.resolveOperatorsUpWithPruning(AnalysisHelper.scala:137)
	at org.apache.spark.sql.catalyst.plans.logical.AnalysisHelper.resolveOperatorsUpWithPruning$(AnalysisHelper.scala:133)
	at org.apache.spark.sql.catalyst.plans.logical.LogicalPlan.resolveOperatorsUpWithPruning(LogicalPlan.scala:47)
	at org.apache.spark.sql.catalyst.plans.logical.AnalysisHelper.$anonfun$resolveOperatorsUpWithPruning$2(AnalysisHelper.scala:138)
	at org.apache.spark.sql.catalyst.trees.UnaryLike.mapChildren(TreeNode.scala:1399)
	at org.apache.spark.sql.catalyst.trees.UnaryLike.mapChildren$(TreeNode.scala:1398)
	at org.apache.spark.sql.catalyst.plans.logical.Filter.mapChildren(basicLogicalOperators.scala:392)
	at org.apache.spark.sql.catalyst.plans.logical.AnalysisHelper.$anonfun$resolveOperatorsUpWithPruning$1(AnalysisHelper.scala:138)
	at org.apache.spark.sql.catalyst.plans.logical.AnalysisHelper$.allowInvokingTransformsInAnalyzer(AnalysisHelper.scala:418)
	at org.apache.spark.sql.catalyst.plans.logical.AnalysisHelper.resolveOperatorsUpWithPruning(AnalysisHelper.scala:137)
	at org.apache.spark.sql.catalyst.plans.logical.AnalysisHelper.resolveOperatorsUpWithPruning$(AnalysisHelper.scala:133)
	at org.apache.spark.sql.catalyst.plans.logical.LogicalPlan.resolveOperatorsUpWithPruning(LogicalPlan.scala:47)
	at org.apache.spark.sql.catalyst.plans.logical.AnalysisHelper.$anonfun$resolveOperatorsUpWithPruning$2(AnalysisHelper.scala:138)
	at org.apache.spark.sql.catalyst.trees.UnaryLike.mapChildren(TreeNode.scala:1399)
	at org.apache.spark.sql.catalyst.trees.UnaryLike.mapChildren$(TreeNode.scala:1398)
	at org.apache.spark.sql.catalyst.plans.logical.Aggregate.mapChildren(basicLogicalOperators.scala:1763)
	at org.apache.spark.sql.catalyst.plans.logical.AnalysisHelper.$anonfun$resolveOperatorsUpWithPruning$1(AnalysisHelper.scala:138)
	at org.apache.spark.sql.catalyst.plans.logical.AnalysisHelper$.allowInvokingTransformsInAnalyzer(AnalysisHelper.scala:418)
	at org.apache.spark.sql.catalyst.plans.logical.AnalysisHelper.resolveOperatorsUpWithPruning(AnalysisHelper.scala:137)
	at org.apache.spark.sql.catalyst.plans.logical.AnalysisHelper.resolveOperatorsUpWithPruning$(AnalysisHelper.scala:133)
	at org.apache.spark.sql.catalyst.plans.logical.LogicalPlan.resolveOperatorsUpWithPruning(LogicalPlan.scala:47)
	at org.apache.spark.sql.catalyst.plans.logical.AnalysisHelper.$anonfun$resolveOperatorsUpWithPruning$2(AnalysisHelper.scala:138)
	at org.apache.spark.sql.catalyst.trees.UnaryLike.mapChildren(TreeNode.scala:1399)
	at org.apache.spark.sql.catalyst.trees.UnaryLike.mapChildren$(TreeNode.scala:1398)
	at org.apache.spark.sql.catalyst.plans.logical.Project.mapChildren(basicLogicalOperators.scala:95)
	at org.apache.spark.sql.catalyst.plans.logical.AnalysisHelper.$anonfun$resolveOperatorsUpWithPruning$1(AnalysisHelper.scala:138)
	at org.apache.spark.sql.catalyst.plans.logical.AnalysisHelper$.allowInvokingTransformsInAnalyzer(AnalysisHelper.scala:418)
	at org.apache.spark.sql.catalyst.plans.logical.AnalysisHelper.resolveOperatorsUpWithPruning(AnalysisHelper.scala:137)
	at org.apache.spark.sql.catalyst.plans.logical.AnalysisHelper.resolveOperatorsUpWithPruning$(AnalysisHelper.scala:133)
	at org.apache.spark.sql.catalyst.plans.logical.LogicalPlan.resolveOperatorsUpWithPruning(LogicalPlan.scala:47)
	at org.apache.spark.sql.catalyst.plans.logical.AnalysisHelper.$anonfun$resolveOperatorsUpWithPruning$2(AnalysisHelper.scala:138)
	at org.apache.spark.sql.catalyst.trees.UnaryLike.mapChildren(TreeNode.scala:1399)
	at org.apache.spark.sql.catalyst.trees.UnaryLike.mapChildren$(TreeNode.scala:1398)
	at org.apache.spark.sql.catalyst.plans.logical.Aggregate.mapChildren(basicLogicalOperators.scala:1763)
	at org.apache.spark.sql.catalyst.plans.logical.AnalysisHelper.$anonfun$resolveOperatorsUpWithPruning$1(AnalysisHelper.scala:138)
	at org.apache.spark.sql.catalyst.plans.logical.AnalysisHelper$.allowInvokingTransformsInAnalyzer(AnalysisHelper.scala:418)
	at org.apache.spark.sql.catalyst.plans.logical.AnalysisHelper.resolveOperatorsUpWithPruning(AnalysisHelper.scala:137)
	at org.apache.spark.sql.catalyst.plans.logical.AnalysisHelper.resolveOperatorsUpWithPruning$(AnalysisHelper.scala:133)
	at org.apache.spark.sql.catalyst.plans.logical.LogicalPlan.resolveOperatorsUpWithPruning(LogicalPlan.scala:47)
	at org.apache.spark.sql.catalyst.plans.logical.AnalysisHelper.resolveOperatorsUp(AnalysisHelper.scala:114)
	at org.apache.spark.sql.catalyst.plans.logical.AnalysisHelper.resolveOperatorsUp$(AnalysisHelper.scala:113)
	at org.apache.spark.sql.catalyst.plans.logical.LogicalPlan.resolveOperatorsUp(LogicalPlan.scala:47)
	at org.apache.spark.sql.catalyst.analysis.Analyzer$ResolveReferences.doApply(Analyzer.scala:2339)
	at org.apache.spark.sql.catalyst.analysis.Analyzer$ResolveReferences.apply(Analyzer.scala:2336)
	at org.apache.spark.sql.catalyst.analysis.Analyzer$ResolveReferences.apply(Analyzer.scala:2292)
	at org.apache.spark.sql.catalyst.rules.RuleExecutor.$anonfun$execute$17(RuleExecutor.scala:509)
	at org.apache.spark.sql.catalyst.rules.RecoverableRuleExecutionHelper.processRule(RuleExecutor.scala:663)
	at org.apache.spark.sql.catalyst.rules.RecoverableRuleExecutionHelper.processRule$(RuleExecutor.scala:647)
	at org.apache.spark.sql.catalyst.rules.RuleExecutor.processRule(RuleExecutor.scala:143)
	at org.apache.spark.sql.catalyst.rules.RuleExecutor.$anonfun$execute$16(RuleExecutor.scala:509)
	at com.databricks.spark.util.MemoryTracker$.withThreadAllocatedBytes(MemoryTracker.scala:51)
	at org.apache.spark.sql.catalyst.QueryPlanningTracker$.measureRule(QueryPlanningTracker.scala:395)
	at org.apache.spark.sql.catalyst.rules.RuleExecutor.$anonfun$execute$15(RuleExecutor.scala:507)
	at com.databricks.spark.util.FrameProfiler$.$anonfun$record$1(FrameProfiler.scala:114)
	at com.databricks.spark.util.FrameProfilerExporter$.maybeExportFrameProfiler(FrameProfilerExporter.scala:203)
	at com.databricks.spark.util.FrameProfiler$.record(FrameProfiler.scala:105)
	at org.apache.spark.sql.catalyst.rules.RuleExecutor.$anonfun$execute$14(RuleExecutor.scala:506)
	at scala.collection.LinearSeqOps.foldLeft(LinearSeq.scala:183)
	at scala.collection.LinearSeqOps.foldLeft$(LinearSeq.scala:179)
	at scala.collection.immutable.List.foldLeft(List.scala:79)
	at org.apache.spark.sql.catalyst.rules.RuleExecutor.$anonfun$execute$13(RuleExecutor.scala:498)
	at scala.runtime.java8.JFunction0$mcV$sp.apply(JFunction0$mcV$sp.scala:18)
	at com.databricks.spark.util.FrameProfiler$.$anonfun$record$1(FrameProfiler.scala:114)
	at com.databricks.spark.util.FrameProfilerExporter$.maybeExportFrameProfiler(FrameProfilerExporter.scala:203)
	at com.databricks.spark.util.FrameProfiler$.record(FrameProfiler.scala:105)
	at org.apache.spark.sql.catalyst.rules.RuleExecutor.executeBatch$1(RuleExecutor.scala:472)
	at org.apache.spark.sql.catalyst.rules.RuleExecutor.$anonfun$execute$23(RuleExecutor.scala:619)
	at org.apache.spark.sql.catalyst.rules.RuleExecutor.$anonfun$execute$23$adapted(RuleExecutor.scala:619)
	at scala.collection.immutable.List.foreach(List.scala:334)
	at org.apache.spark.sql.catalyst.rules.RuleExecutor.$anonfun$execute$1(RuleExecutor.scala:619)
	at com.databricks.spark.util.FrameProfiler$.$anonfun$record$1(FrameProfiler.scala:114)
	at com.databricks.spark.util.FrameProfilerExporter$.maybeExportFrameProfiler(FrameProfilerExporter.scala:203)
	at com.databricks.spark.util.FrameProfiler$.record(FrameProfiler.scala:105)
	at org.apache.spark.sql.catalyst.rules.RuleExecutor.execute(RuleExecutor.scala:365)
	at org.apache.spark.sql.catalyst.analysis.Analyzer.super$execute(Analyzer.scala:674)
	at org.apache.spark.sql.catalyst.analysis.Analyzer.$anonfun$executeSameContext$1(Analyzer.scala:674)
	at com.databricks.sql.unity.SAMSnapshotHelper$.visitPlansDuringAnalysis(SAMSnapshotHelper.scala:40)
	at org.apache.spark.sql.catalyst.analysis.Analyzer.executeSameContext(Analyzer.scala:673)
	at org.apache.spark.sql.catalyst.analysis.Analyzer.$anonfun$execute$1(Analyzer.scala:646)
	at org.apache.spark.sql.catalyst.analysis.AnalysisContext$.withNewAnalysisContext(Analyzer.scala:478)
	at org.apache.spark.sql.catalyst.analysis.Analyzer.execute(Analyzer.scala:646)
	at org.apache.spark.sql.catalyst.analysis.Analyzer.execute(Analyzer.scala:563)
	at org.apache.spark.sql.catalyst.rules.RuleExecutor.$anonfun$executeAndTrack$1(RuleExecutor.scala:353)
	at org.apache.spark.sql.catalyst.QueryPlanningTracker$.withTracker(QueryPlanningTracker.scala:266)
	at org.apache.spark.sql.catalyst.rules.RuleExecutor.executeAndTrack(RuleExecutor.scala:353)
	at org.apache.spark.sql.catalyst.analysis.resolver.HybridAnalyzer.resolveInFixedPoint(HybridAnalyzer.scala:412)
	at org.apache.spark.sql.catalyst.analysis.resolver.HybridAnalyzer.$anonfun$apply$1(HybridAnalyzer.scala:97)
	at org.apache.spark.sql.catalyst.analysis.resolver.HybridAnalyzer.withTrackedAnalyzerBridgeState(HybridAnalyzer.scala:134)
	at org.apache.spark.sql.catalyst.analysis.resolver.HybridAnalyzer.apply(HybridAnalyzer.scala:90)
	at org.apache.spark.sql.catalyst.analysis.Analyzer.$anonfun$executeAndCheck$2(Analyzer.scala:623)
	at org.apache.spark.sql.catalyst.plans.logical.AnalysisHelper$.markInAnalyzer(AnalysisHelper.scala:425)
	at org.apache.spark.sql.catalyst.analysis.Analyzer.$anonfun$executeAndCheck$1(Analyzer.scala:623)
	at com.databricks.sql.unity.SAMSnapshotHelper$.visitPlansDuringAnalysis(SAMSnapshotHelper.scala:40)
	at org.apache.spark.sql.catalyst.analysis.Analyzer.executeAndCheck(Analyzer.scala:612)
	at org.apache.spark.sql.execution.QueryExecution.$anonfun$lazyAnalyzed$3(QueryExecution.scala:569)
	at com.databricks.spark.util.FrameProfiler$.$anonfun$record$1(FrameProfiler.scala:114)
	at com.databricks.spark.util.FrameProfilerExporter$.maybeExportFrameProfiler(FrameProfilerExporter.scala:203)
	at com.databricks.spark.util.FrameProfiler$.record(FrameProfiler.scala:105)
	at org.apache.spark.sql.catalyst.QueryPlanningTracker.measurePhase(QueryPlanningTracker.scala:818)
	at org.apache.spark.sql.execution.QueryExecution.$anonfun$executePhase$8(QueryExecution.scala:1107)
	at org.apache.spark.sql.execution.SQLExecution$.$anonfun$withExecutionPhase$1(SQLExecution.scala:169)
	at com.databricks.util.TracingSpanUtils$.withTracing(TracingSpanUtils.scala:250)
	at com.databricks.spark.util.DatabricksTracingHelper.withSpan(DatabricksSparkTracingHelper.scala:154)
	at com.databricks.spark.util.DBRTracing$.withSpan(DBRTracing.scala:87)
	at org.apache.spark.sql.execution.SQLExecution$.withExecutionPhase(SQLExecution.scala:150)
	at org.apache.spark.sql.execution.QueryExecution.$anonfun$executePhase$7(QueryExecution.scala:1107)
	at org.apache.spark.sql.execution.QueryExecution$.withInternalError(QueryExecution.scala:1766)
	at org.apache.spark.sql.execution.QueryExecution.$anonfun$executePhase$5(QueryExecution.scala:1100)
	at com.databricks.util.LexicalThreadLocal$Handle.runWith(LexicalThreadLocal.scala:63)
	at org.apache.spark.sql.execution.QueryExecution.$anonfun$executePhase$4(QueryExecution.scala:1097)
	at com.databricks.util.LexicalThreadLocal$Handle.runWith(LexicalThreadLocal.scala:63)
	at org.apache.spark.sql.execution.QueryExecution.$anonfun$executePhase$3(QueryExecution.scala:1097)
	at com.databricks.util.LexicalThreadLocal$Handle.runWith(LexicalThreadLocal.scala:63)
	at org.apache.spark.sql.execution.QueryExecution.$anonfun$executePhase$2(QueryExecution.scala:1096)
	at com.databricks.util.LexicalThreadLocal$Handle.runWith(LexicalThreadLocal.scala:63)
	at org.apache.spark.sql.execution.QueryExecution.withQueryExecutionId(QueryExecution.scala:1084)
	at org.apache.spark.sql.execution.QueryExecution.$anonfun$executePhase$1(QueryExecution.scala:1095)
	at org.apache.spark.sql.SparkSession.withActive(SparkSession.scala:860)
	at org.apache.spark.sql.execution.QueryExecution.executePhase(QueryExecution.scala:1094)
	at org.apache.spark.sql.execution.QueryExecution.$anonfun$lazyAnalyzed$2(QueryExecution.scala:560)
	at com.databricks.sql.util.MemoryTrackerHelper.withMemoryTracking(MemoryTrackerHelper.scala:111)
	at org.apache.spark.sql.execution.QueryExecution.$anonfun$lazyAnalyzed$1(QueryExecution.scala:559)
	at scala.util.Try$.apply(Try.scala:217)
	at org.apache.spark.util.Utils$.doTryWithCallerStacktrace(Utils.scala:1685)
	at org.apache.spark.util.LazyTry.tryT$lzycompute(LazyTry.scala:60)
	at org.apache.spark.util.LazyTry.tryT(LazyTry.scala:59)
	at org.apache.spark.util.LazyTry.get(LazyTry.scala:75)
	at org.apache.spark.sql.execution.QueryExecution.analyzed(QueryExecution.scala:604)
	at org.apache.spark.sql.execution.QueryExecution.assertAnalyzed(QueryExecution.scala:486)
	at org.apache.spark.sql.classic.Dataset$.$anonfun$ofRows$11(Dataset.scala:243)
	at org.apache.spark.sql.SparkSession.withActive(SparkSession.scala:860)
	at org.apache.spark.sql.classic.SparkSession.$anonfun$withActiveAndFrameProfiler$1(SparkSession.scala:1279)
	at com.databricks.spark.util.FrameProfiler$.$anonfun$record$1(FrameProfiler.scala:114)
	at com.databricks.spark.util.FrameProfilerExporter$.maybeExportFrameProfiler(FrameProfilerExporter.scala:203)
	at com.databricks.spark.util.FrameProfiler$.record(FrameProfiler.scala:105)
	at org.apache.spark.sql.classic.SparkSession.withActiveAndFrameProfiler(SparkSession.scala:1279)
	at org.apache.spark.sql.classic.Dataset$.ofRows(Dataset.scala:238)
	at org.apache.spark.sql.connect.execution.SparkConnectPlanExecution.$anonfun$handlePlan$8(SparkConnectPlanExecution.scala:129)
	at org.apache.spark.sql.connect.utils.TimingUtils$.withTiming(TimingUtils.scala:35)
	at org.apache.spark.sql.connect.execution.SparkConnectPlanExecution.handlePlan(SparkConnectPlanExecution.scala:123)
	at org.apache.spark.sql.connect.execution.ExecuteThreadRunner.handlePlan(ExecuteThreadRunner.scala:385)
	at org.apache.spark.sql.connect.execution.ExecuteThreadRunner.$anonfun$executeInternal$1(ExecuteThreadRunner.scala:283)
	at org.apache.spark.sql.connect.execution.ExecuteThreadRunner.$anonfun$executeInternal$1$adapted(ExecuteThreadRunner.scala:239)
	at org.apache.spark.sql.connect.service.SessionHolder.$anonfun$withSession$2(SessionHolder.scala:633)
	at org.apache.spark.util.Utils$.getTryWithCallerStacktrace(Utils.scala:1746)
	at org.apache.spark.util.LazyTry.get(LazyTry.scala:75)
	at org.apache.spark.sql.execution.QueryExecution.executedPlan(QueryExecution.scala:1014)
	at com.databricks.spark.sqlgateway.history.SqlExecutionMetrics.$anonfun$setQueryExecution$2(SqlExecutionMetrics.scala:204)
	at scala.Option.map(Option.scala:242)
	at com.databricks.spark.sqlgateway.history.SqlExecutionMetrics.$anonfun$setQueryExecution$1(SqlExecutionMetrics.scala:204)
	at scala.util.Try$.apply(Try.scala:217)
	at com.databricks.spark.sqlgateway.history.SqlExecutionMetrics.setQueryExecution(SqlExecutionMetrics.scala:204)
	at com.databricks.spark.sqlgateway.history.SqlGatewayHistorySparkListener.$anonfun$onSqlStart$1(SqlGatewayHistorySparkListener.scala:871)
	at com.databricks.spark.util.FrameProfiler$.$anonfun$record$1(FrameProfiler.scala:114)
	at com.databricks.spark.util.FrameProfilerExporter$.maybeExportFrameProfiler(FrameProfilerExporter.scala:203)
	at com.databricks.spark.util.FrameProfiler$.record(FrameProfiler.scala:105)
	at com.databricks.spark.sqlgateway.history.SqlGatewayHistorySparkListener.com$databricks$spark$sqlgateway$history$SqlGatewayHistorySparkListener$$onSqlStart(SqlGatewayHistorySparkListener.scala:815)
	at com.databricks.spark.sqlgateway.history.SqlGatewayHistorySparkListener$$anonfun$onOtherEventDefault$1.applyOrElse(SqlGatewayHistorySparkListener.scala:235)
	at com.databricks.spark.sqlgateway.history.SqlGatewayHistorySparkListener$$anonfun$onOtherEventDefault$1.applyOrElse(SqlGatewayHistorySparkListener.scala:223)
	at scala.runtime.AbstractPartialFunction.apply(AbstractPartialFunction.scala:35)
	at com.databricks.spark.sqlgateway.history.utils.ScriptStatementHelper$$anonfun$onOtherEvent$1.applyOrElse(ScriptStatementHelper.scala:28)
	at com.databricks.spark.sqlgateway.history.utils.ScriptStatementHelper$$anonfun$onOtherEvent$1.applyOrElse(ScriptStatementHelper.scala:28)
	at scala.PartialFunction$OrElse.applyOrElse(PartialFunction.scala:270)
	at com.databricks.spark.sqlgateway.history.SqlGatewayHistorySparkListener.$anonfun$onOtherEvent$1(SqlGatewayHistorySparkListener.scala:201)
	at scala.runtime.java8.JFunction0$mcV$sp.apply(JFunction0$mcV$sp.scala:18)
	at com.databricks.spark.util.FrameProfiler$.$anonfun$record$1(FrameProfiler.scala:114)
	at com.databricks.spark.util.FrameProfilerExporter$.maybeExportFrameProfiler(FrameProfilerExporter.scala:203)
	at com.databricks.spark.util.FrameProfiler$.record(FrameProfiler.scala:105)
	at com.databricks.spark.sqlgateway.history.SqlGatewayHistorySparkListener.onOtherEvent(SqlGatewayHistorySparkListener.scala:201)
	at org.apache.spark.scheduler.SparkListenerBus.doPostEvent(SparkListenerBus.scala:108)
	at org.apache.spark.scheduler.SparkListenerBus.doPostEvent$(SparkListenerBus.scala:28)
	at org.apache.spark.scheduler.AsyncEventQueue.doPostEvent(AsyncEventQueue.scala:46)
	at org.apache.spark.scheduler.AsyncEventQueue.doPostEvent(AsyncEventQueue.scala:46)
	at org.apache.spark.util.ListenerBus.postToAll(ListenerBus.scala:208)
	at org.apache.spark.util.ListenerBus.postToAll$(ListenerBus.scala:172)
	at org.apache.spark.scheduler.AsyncEventQueue.super$postToAll(AsyncEventQueue.scala:183)
	at org.apache.spark.scheduler.AsyncEventQueue.$anonfun$dispatch$1(AsyncEventQueue.scala:183)
	at scala.runtime.java8.JFunction0$mcJ$sp.apply(JFunction0$mcJ$sp.scala:17)
	at scala.util.DynamicVariable.withValue(DynamicVariable.scala:59)
	at org.apache.spark.scheduler.AsyncEventQueue.org$apache$spark$scheduler$AsyncEventQueue$$dispatch(AsyncEventQueue.scala:119)
	at org.apache.spark.scheduler.AsyncEventQueue$$anon$2.$anonfun$run$1(AsyncEventQueue.scala:115)
	at org.apache.spark.util.Utils$.tryOrStopSparkContext(Utils.scala:1573)
	at org.apache.spark.scheduler.AsyncEventQueue$$anon$2.run(AsyncEventQueue.scala:115)
Traceback (most recent call last):
  File "/home/spark-f67146fb-db4f-44fc-bb3a-71/.ipykernel/2671/command-7741236471166683-362184123", line 25, in runner
    logger.info(f"Revenue Summary: {revenue_summaryDF.count()} rows")
                                    ^^^^^^^^^^^^^^^^^^^^^^^^^
  File "/databricks/python/lib/python3.12/site-packages/pyspark/sql/connect/dataframe.py", line 318, in count
    )._to_table()  # type: ignore[operator]
      ^^^^^^^^^^^
  File "/databricks/python/lib/python3.12/site-packages/pyspark/sql/connect/dataframe.py", line 1923, in _to_table
    table, schema, self._execution_info = self._session.client.to_table(
                                          ^^^^^^^^^^^^^^^^^^^^^^^^^^^^^^
  File "/databricks/python/lib/python3.12/site-packages/pyspark/sql/connect/client/core.py", line 1272, in to_table
    table, schema, metrics, observed_metrics, _ = self._execute_and_fetch(req, observations)
                                                  ^^^^^^^^^^^^^^^^^^^^^^^^^^^^^^^^^^^^^^^^^^
  File "/databricks/python/lib/python3.12/site-packages/pyspark/sql/connect/client/core.py", line 2139, in _execute_and_fetch
    for response in self._execute_and_fetch_as_iterator(
  File "/databricks/python/lib/python3.12/site-packages/pyspark/sql/connect/client/core.py", line 2115, in _execute_and_fetch_as_iterator
    self._handle_error(error)
  File "/databricks/python/lib/python3.12/site-packages/pyspark/sql/connect/client/core.py", line 2433, in _handle_error
    self._handle_rpc_error(error)
  File "/databricks/python/lib/python3.12/site-packages/pyspark/sql/connect/client/core.py", line 2511, in _handle_rpc_error
    raise convert_exception(
pyspark.errors.exceptions.connect.AnalysisException: [AMBIGUOUS_COLUMN_REFERENCE] Column "product_id" is ambiguous. It's because you joined several DataFrame together, and some of these DataFrames are the same.
This column points to one of the DataFrames but Spark is unable to figure out which one.
Please alias the DataFrames with different names via `DataFrame.alias` before joining them,
and specify the column using qualified name, e.g. `df.alias("a").join(df.alias("b"), col("a.id") > col("b.id"))`. SQLSTATE: 42702

JVM stacktrace:
org.apache.spark.sql.AnalysisException
	at org.apache.spark.sql.errors.QueryCompilationErrors$.ambiguousColumnReferences(QueryCompilationErrors.scala:6275)
	at org.apache.spark.sql.catalyst.analysis.ColumnResolutionHelper.$anonfun$resolveDataFrameColumnByPlanId$4(ColumnResolutionHelper.scala:608)
	at scala.collection.IterableOnceOps.foldLeft(IterableOnce.scala:687)
	at scala.collection.IterableOnceOps.foldLeft$(IterableOnce.scala:721)
	at scala.collection.AbstractIterable.foldLeft(Iterable.scala:935)
	at org.apache.spark.sql.catalyst.analysis.ColumnResolutionHelper.resolveDataFrameColumnByPlanId(ColumnResolutionHelper.scala:605)
	at org.apache.spark.sql.catalyst.analysis.ColumnResolutionHelper.resolveDataFrameColumn(ColumnResolutionHelper.scala:583)
	at org.apache.spark.sql.catalyst.analysis.ColumnResolutionHelper.tryResolveDataFrameColumns(ColumnResolutionHelper.scala:564)
	at org.apache.spark.sql.catalyst.analysis.ColumnResolutionHelper.$anonfun$tryResolveDataFrameColumns$2(ColumnResolutionHelper.scala:568)
	at scala.collection.immutable.List.map(List.scala:251)
	at scala.collection.immutable.List.map(List.scala:79)
	at org.apache.spark.sql.catalyst.trees.TreeNode.mapChildren(TreeNode.scala:808)
	at org.apache.spark.sql.catalyst.analysis.ColumnResolutionHelper.tryResolveDataFrameColumns(ColumnResolutionHelper.scala:568)
	at org.apache.spark.sql.catalyst.analysis.ColumnResolutionHelper.resolveExpressionByPlanChildren(ColumnResolutionHelper.scala:492)
	at org.apache.spark.sql.catalyst.analysis.ColumnResolutionHelper.resolveExpressionByPlanChildren$(ColumnResolutionHelper.scala:487)
	at org.apache.spark.sql.catalyst.analysis.Analyzer$ResolveReferences.resolveExpressionByPlanChildren(Analyzer.scala:2292)
	at org.apache.spark.sql.catalyst.analysis.Analyzer$ResolveReferences$$anonfun$doApply$3.$anonfun$applyOrElse$142(Analyzer.scala:2623)
	at org.apache.spark.sql.catalyst.plans.QueryPlan.$anonfun$mapExpressions$1(QueryPlan.scala:259)
	at org.apache.spark.sql.catalyst.trees.CurrentOrigin$.withOrigin(origin.scala:142)
	at org.apache.spark.sql.catalyst.plans.QueryPlan.transformExpression$1(QueryPlan.scala:259)
	at org.apache.spark.sql.catalyst.plans.QueryPlan.recursiveTransform$1(QueryPlan.scala:271)
	at org.apache.spark.sql.catalyst.plans.QueryPlan.recursiveTransform$1(QueryPlan.scala:272)
	at org.apache.spark.sql.catalyst.plans.QueryPlan.$anonfun$mapExpressions$5(QueryPlan.scala:282)
	at org.apache.spark.sql.catalyst.trees.TreeNode.mapProductIterator(TreeNode.scala:411)
	at org.apache.spark.sql.catalyst.plans.QueryPlan.mapExpressions(QueryPlan.scala:282)
	at org.apache.spark.sql.catalyst.analysis.Analyzer$ResolveReferences$$anonfun$doApply$3.applyOrElse(Analyzer.scala:2623)
	at org.apache.spark.sql.catalyst.analysis.Analyzer$ResolveReferences$$anonfun$doApply$3.applyOrElse(Analyzer.scala:2339)
	at org.apache.spark.sql.catalyst.plans.logical.AnalysisHelper.$anonfun$resolveOperatorsUpWithPruning$3(AnalysisHelper.scala:141)
	at org.apache.spark.sql.catalyst.trees.CurrentOrigin$.withOrigin(origin.scala:142)
	at org.apache.spark.sql.catalyst.plans.logical.AnalysisHelper.$anonfun$resolveOperatorsUpWithPruning$1(AnalysisHelper.scala:141)
	at org.apache.spark.sql.catalyst.plans.logical.AnalysisHelper$.allowInvokingTransformsInAnalyzer(AnalysisHelper.scala:418)
	at org.apache.spark.sql.catalyst.plans.logical.AnalysisHelper.resolveOperatorsUpWithPruning(AnalysisHelper.scala:137)
	at org.apache.spark.sql.catalyst.plans.logical.AnalysisHelper.resolveOperatorsUpWithPruning$(AnalysisHelper.scala:133)
	at org.apache.spark.sql.catalyst.plans.logical.LogicalPlan.resolveOperatorsUpWithPruning(LogicalPlan.scala:47)
	at org.apache.spark.sql.catalyst.plans.logical.AnalysisHelper.$anonfun$resolveOperatorsUpWithPruning$2(AnalysisHelper.scala:138)
	at org.apache.spark.sql.catalyst.trees.UnaryLike.mapChildren(TreeNode.scala:1399)
	at org.apache.spark.sql.catalyst.trees.UnaryLike.mapChildren$(TreeNode.scala:1398)
	at org.apache.spark.sql.catalyst.plans.logical.Filter.mapChildren(basicLogicalOperators.scala:392)
	at org.apache.spark.sql.catalyst.plans.logical.AnalysisHelper.$anonfun$resolveOperatorsUpWithPruning$1(AnalysisHelper.scala:138)
	at org.apache.spark.sql.catalyst.plans.logical.AnalysisHelper$.allowInvokingTransformsInAnalyzer(AnalysisHelper.scala:418)
	at org.apache.spark.sql.catalyst.plans.logical.AnalysisHelper.resolveOperatorsUpWithPruning(AnalysisHelper.scala:137)
	at org.apache.spark.sql.catalyst.plans.logical.AnalysisHelper.resolveOperatorsUpWithPruning$(AnalysisHelper.scala:133)
	at org.apache.spark.sql.catalyst.plans.logical.LogicalPlan.resolveOperatorsUpWithPruning(LogicalPlan.scala:47)
	at org.apache.spark.sql.catalyst.plans.logical.AnalysisHelper.$anonfun$resolveOperatorsUpWithPruning$2(AnalysisHelper.scala:138)
	at org.apache.spark.sql.catalyst.trees.UnaryLike.mapChildren(TreeNode.scala:1399)
	at org.apache.spark.sql.catalyst.trees.UnaryLike.mapChildren$(TreeNode.scala:1398)
	at org.apache.spark.sql.catalyst.plans.logical.Aggregate.mapChildren(basicLogicalOperators.scala:1763)
	at org.apache.spark.sql.catalyst.plans.logical.AnalysisHelper.$anonfun$resolveOperatorsUpWithPruning$1(AnalysisHelper.scala:138)
	at org.apache.spark.sql.catalyst.plans.logical.AnalysisHelper$.allowInvokingTransformsInAnalyzer(AnalysisHelper.scala:418)
	at org.apache.spark.sql.catalyst.plans.logical.AnalysisHelper.resolveOperatorsUpWithPruning(AnalysisHelper.scala:137)
	at org.apache.spark.sql.catalyst.plans.logical.AnalysisHelper.resolveOperatorsUpWithPruning$(AnalysisHelper.scala:133)
	at org.apache.spark.sql.catalyst.plans.logical.LogicalPlan.resolveOperatorsUpWithPruning(LogicalPlan.scala:47)
	at org.apache.spark.sql.catalyst.plans.logical.AnalysisHelper.$anonfun$resolveOperatorsUpWithPruning$2(AnalysisHelper.scala:138)
	at org.apache.spark.sql.catalyst.trees.UnaryLike.mapChildren(TreeNode.scala:1399)
	at org.apache.spark.sql.catalyst.trees.UnaryLike.mapChildren$(TreeNode.scala:1398)
	at org.apache.spark.sql.catalyst.plans.logical.Project.mapChildren(basicLogicalOperators.scala:95)
	at org.apache.spark.sql.catalyst.plans.logical.AnalysisHelper.$anonfun$resolveOperatorsUpWithPruning$1(AnalysisHelper.scala:138)
	at org.apache.spark.sql.catalyst.plans.logical.AnalysisHelper$.allowInvokingTransformsInAnalyzer(AnalysisHelper.scala:418)
	at org.apache.spark.sql.catalyst.plans.logical.AnalysisHelper.resolveOperatorsUpWithPruning(AnalysisHelper.scala:137)
	at org.apache.spark.sql.catalyst.plans.logical.AnalysisHelper.resolveOperatorsUpWithPruning$(AnalysisHelper.scala:133)
	at org.apache.spark.sql.catalyst.plans.logical.LogicalPlan.resolveOperatorsUpWithPruning(LogicalPlan.scala:47)
	at org.apache.spark.sql.catalyst.plans.logical.AnalysisHelper.$anonfun$resolveOperatorsUpWithPruning$2(AnalysisHelper.scala:138)
	at org.apache.spark.sql.catalyst.trees.UnaryLike.mapChildren(TreeNode.scala:1399)
	at org.apache.spark.sql.catalyst.trees.UnaryLike.mapChildren$(TreeNode.scala:1398)
	at org.apache.spark.sql.catalyst.plans.logical.Aggregate.mapChildren(basicLogicalOperators.scala:1763)
	at org.apache.spark.sql.catalyst.plans.logical.AnalysisHelper.$anonfun$resolveOperatorsUpWithPruning$1(AnalysisHelper.scala:138)
	at org.apache.spark.sql.catalyst.plans.logical.AnalysisHelper$.allowInvokingTransformsInAnalyzer(AnalysisHelper.scala:418)
	at org.apache.spark.sql.catalyst.plans.logical.AnalysisHelper.resolveOperatorsUpWithPruning(AnalysisHelper.scala:137)
	at org.apache.spark.sql.catalyst.plans.logical.AnalysisHelper.resolveOperatorsUpWithPruning$(AnalysisHelper.scala:133)
	at org.apache.spark.sql.catalyst.plans.logical.LogicalPlan.resolveOperatorsUpWithPruning(LogicalPlan.scala:47)
	at org.apache.spark.sql.catalyst.plans.logical.AnalysisHelper.resolveOperatorsUp(AnalysisHelper.scala:114)
	at org.apache.spark.sql.catalyst.plans.logical.AnalysisHelper.resolveOperatorsUp$(AnalysisHelper.scala:113)
	at org.apache.spark.sql.catalyst.plans.logical.LogicalPlan.resolveOperatorsUp(LogicalPlan.scala:47)
	at org.apache.spark.sql.catalyst.analysis.Analyzer$ResolveReferences.doApply(Analyzer.scala:2339)
	at org.apache.spark.sql.catalyst.analysis.Analyzer$ResolveReferences.apply(Analyzer.scala:2336)
	at org.apache.spark.sql.catalyst.analysis.Analyzer$ResolveReferences.apply(Analyzer.scala:2292)
	at org.apache.spark.sql.catalyst.rules.RuleExecutor.$anonfun$execute$17(RuleExecutor.scala:509)
	at org.apache.spark.sql.catalyst.rules.RecoverableRuleExecutionHelper.processRule(RuleExecutor.scala:663)
	at org.apache.spark.sql.catalyst.rules.RecoverableRuleExecutionHelper.processRule$(RuleExecutor.scala:647)
	at org.apache.spark.sql.catalyst.rules.RuleExecutor.processRule(RuleExecutor.scala:143)
	at org.apache.spark.sql.catalyst.rules.RuleExecutor.$anonfun$execute$16(RuleExecutor.scala:509)
	at com.databricks.spark.util.MemoryTracker$.withThreadAllocatedBytes(MemoryTracker.scala:51)
	at org.apache.spark.sql.catalyst.QueryPlanningTracker$.measureRule(QueryPlanningTracker.scala:395)
	at org.apache.spark.sql.catalyst.rules.RuleExecutor.$anonfun$execute$15(RuleExecutor.scala:507)
	at com.databricks.spark.util.FrameProfiler$.$anonfun$record$1(FrameProfiler.scala:114)
	at com.databricks.spark.util.FrameProfilerExporter$.maybeExportFrameProfiler(FrameProfilerExporter.scala:203)
	at com.databricks.spark.util.FrameProfiler$.record(FrameProfiler.scala:105)
	at org.apache.spark.sql.catalyst.rules.RuleExecutor.$anonfun$execute$14(RuleExecutor.scala:506)
	at scala.collection.LinearSeqOps.foldLeft(LinearSeq.scala:183)
	at scala.collection.LinearSeqOps.foldLeft$(LinearSeq.scala:179)
	at scala.collection.immutable.List.foldLeft(List.scala:79)
	at org.apache.spark.sql.catalyst.rules.RuleExecutor.$anonfun$execute$13(RuleExecutor.scala:498)
	at scala.runtime.java8.JFunction0$mcV$sp.apply(JFunction0$mcV$sp.scala:18)
	at com.databricks.spark.util.FrameProfiler$.$anonfun$record$1(FrameProfiler.scala:114)
	at com.databricks.spark.util.FrameProfilerExporter$.maybeExportFrameProfiler(FrameProfilerExporter.scala:203)
	at com.databricks.spark.util.FrameProfiler$.record(FrameProfiler.scala:105)
	at org.apache.spark.sql.catalyst.rules.RuleExecutor.executeBatch$1(RuleExecutor.scala:472)
	at org.apache.spark.sql.catalyst.rules.RuleExecutor.$anonfun$execute$23(RuleExecutor.scala:619)
	at org.apache.spark.sql.catalyst.rules.RuleExecutor.$anonfun$execute$23$adapted(RuleExecutor.scala:619)
	at scala.collection.immutable.List.foreach(List.scala:334)
	at org.apache.spark.sql.catalyst.rules.RuleExecutor.$anonfun$execute$1(RuleExecutor.scala:619)
	at com.databricks.spark.util.FrameProfiler$.$anonfun$record$1(FrameProfiler.scala:114)
	at com.databricks.spark.util.FrameProfilerExporter$.maybeExportFrameProfiler(FrameProfilerExporter.scala:203)
	at com.databricks.spark.util.FrameProfiler$.record(FrameProfiler.scala:105)
	at org.apache.spark.sql.catalyst.rules.RuleExecutor.execute(RuleExecutor.scala:365)
	at org.apache.spark.sql.catalyst.analysis.Analyzer.super$execute(Analyzer.scala:674)
	at org.apache.spark.sql.catalyst.analysis.Analyzer.$anonfun$executeSameContext$1(Analyzer.scala:674)
	at com.databricks.sql.unity.SAMSnapshotHelper$.visitPlansDuringAnalysis(SAMSnapshotHelper.scala:40)
	at org.apache.spark.sql.catalyst.analysis.Analyzer.executeSameContext(Analyzer.scala:673)
	at org.apache.spark.sql.catalyst.analysis.Analyzer.$anonfun$execute$1(Analyzer.scala:646)
	at org.apache.spark.sql.catalyst.analysis.AnalysisContext$.withNewAnalysisContext(Analyzer.scala:478)
	at org.apache.spark.sql.catalyst.analysis.Analyzer.execute(Analyzer.scala:646)
	at org.apache.spark.sql.catalyst.analysis.Analyzer.execute(Analyzer.scala:563)
	at org.apache.spark.sql.catalyst.rules.RuleExecutor.$anonfun$executeAndTrack$1(RuleExecutor.scala:353)
	at org.apache.spark.sql.catalyst.QueryPlanningTracker$.withTracker(QueryPlanningTracker.scala:266)
	at org.apache.spark.sql.catalyst.rules.RuleExecutor.executeAndTrack(RuleExecutor.scala:353)
	at org.apache.spark.sql.catalyst.analysis.resolver.HybridAnalyzer.resolveInFixedPoint(HybridAnalyzer.scala:412)
	at org.apache.spark.sql.catalyst.analysis.resolver.HybridAnalyzer.$anonfun$apply$1(HybridAnalyzer.scala:97)
	at org.apache.spark.sql.catalyst.analysis.resolver.HybridAnalyzer.withTrackedAnalyzerBridgeState(HybridAnalyzer.scala:134)
	at org.apache.spark.sql.catalyst.analysis.resolver.HybridAnalyzer.apply(HybridAnalyzer.scala:90)
	at org.apache.spark.sql.catalyst.analysis.Analyzer.$anonfun$executeAndCheck$2(Analyzer.scala:623)
	at org.apache.spark.sql.catalyst.plans.logical.AnalysisHelper$.markInAnalyzer(AnalysisHelper.scala:425)
	at org.apache.spark.sql.catalyst.analysis.Analyzer.$anonfun$executeAndCheck$1(Analyzer.scala:623)
	at com.databricks.sql.unity.SAMSnapshotHelper$.visitPlansDuringAnalysis(SAMSnapshotHelper.scala:40)
	at org.apache.spark.sql.catalyst.analysis.Analyzer.executeAndCheck(Analyzer.scala:612)
	at org.apache.spark.sql.execution.QueryExecution.$anonfun$lazyAnalyzed$3(QueryExecution.scala:569)
	at com.databricks.spark.util.FrameProfiler$.$anonfun$record$1(FrameProfiler.scala:114)
	at com.databricks.spark.util.FrameProfilerExporter$.maybeExportFrameProfiler(FrameProfilerExporter.scala:203)
	at com.databricks.spark.util.FrameProfiler$.record(FrameProfiler.scala:105)
	at org.apache.spark.sql.catalyst.QueryPlanningTracker.measurePhase(QueryPlanningTracker.scala:818)
	at org.apache.spark.sql.execution.QueryExecution.$anonfun$executePhase$8(QueryExecution.scala:1107)
	at org.apache.spark.sql.execution.SQLExecution$.$anonfun$withExecutionPhase$1(SQLExecution.scala:169)
	at com.databricks.util.TracingSpanUtils$.withTracing(TracingSpanUtils.scala:250)
	at com.databricks.spark.util.DatabricksTracingHelper.withSpan(DatabricksSparkTracingHelper.scala:154)
	at com.databricks.spark.util.DBRTracing$.withSpan(DBRTracing.scala:87)
	at org.apache.spark.sql.execution.SQLExecution$.withExecutionPhase(SQLExecution.scala:150)
	at org.apache.spark.sql.execution.QueryExecution.$anonfun$executePhase$7(QueryExecution.scala:1107)
	at org.apache.spark.sql.execution.QueryExecution$.withInternalError(QueryExecution.scala:1766)
	at org.apache.spark.sql.execution.QueryExecution.$anonfun$executePhase$5(QueryExecution.scala:1100)
	at com.databricks.util.LexicalThreadLocal$Handle.runWith(LexicalThreadLocal.scala:63)
	at org.apache.spark.sql.execution.QueryExecution.$anonfun$executePhase$4(QueryExecution.scala:1097)
	at com.databricks.util.LexicalThreadLocal$Handle.runWith(LexicalThreadLocal.scala:63)
	at org.apache.spark.sql.execution.QueryExecution.$anonfun$executePhase$3(QueryExecution.scala:1097)
	at com.databricks.util.LexicalThreadLocal$Handle.runWith(LexicalThreadLocal.scala:63)
	at org.apache.spark.sql.execution.QueryExecution.$anonfun$executePhase$2(QueryExecution.scala:1096)
	at com.databricks.util.LexicalThreadLocal$Handle.runWith(LexicalThreadLocal.scala:63)
	at org.apache.spark.sql.execution.QueryExecution.withQueryExecutionId(QueryExecution.scala:1084)
	at org.apache.spark.sql.execution.QueryExecution.$anonfun$executePhase$1(QueryExecution.scala:1095)
	at org.apache.spark.sql.SparkSession.withActive(SparkSession.scala:860)
	at org.apache.spark.sql.execution.QueryExecution.executePhase(QueryExecution.scala:1094)
	at org.apache.spark.sql.execution.QueryExecution.$anonfun$lazyAnalyzed$2(QueryExecution.scala:560)
	at com.databricks.sql.util.MemoryTrackerHelper.withMemoryTracking(MemoryTrackerHelper.scala:111)
	at org.apache.spark.sql.execution.QueryExecution.$anonfun$lazyAnalyzed$1(QueryExecution.scala:559)
	at scala.util.Try$.apply(Try.scala:217)
	at org.apache.spark.util.Utils$.doTryWithCallerStacktrace(Utils.scala:1685)
	at org.apache.spark.util.LazyTry.tryT$lzycompute(LazyTry.scala:60)
	at org.apache.spark.util.LazyTry.tryT(LazyTry.scala:59)
	at org.apache.spark.util.LazyTry.get(LazyTry.scala:75)
	at org.apache.spark.sql.execution.QueryExecution.analyzed(QueryExecution.scala:604)
	at org.apache.spark.sql.execution.QueryExecution.assertAnalyzed(QueryExecution.scala:486)
	at org.apache.spark.sql.classic.Dataset$.$anonfun$ofRows$11(Dataset.scala:243)
	at org.apache.spark.sql.SparkSession.withActive(SparkSession.scala:860)
	at org.apache.spark.sql.classic.SparkSession.$anonfun$withActiveAndFrameProfiler$1(SparkSession.scala:1279)
	at com.databricks.spark.util.FrameProfiler$.$anonfun$record$1(FrameProfiler.scala:114)
	at com.databricks.spark.util.FrameProfilerExporter$.maybeExportFrameProfiler(FrameProfilerExporter.scala:203)
	at com.databricks.spark.util.FrameProfiler$.record(FrameProfiler.scala:105)
	at org.apache.spark.sql.classic.SparkSession.withActiveAndFrameProfiler(SparkSession.scala:1279)
	at org.apache.spark.sql.classic.Dataset$.ofRows(Dataset.scala:238)
	at org.apache.spark.sql.connect.execution.SparkConnectPlanExecution.$anonfun$handlePlan$8(SparkConnectPlanExecution.scala:129)
	at org.apache.spark.sql.connect.utils.TimingUtils$.withTiming(TimingUtils.scala:35)
	at org.apache.spark.sql.connect.execution.SparkConnectPlanExecution.handlePlan(SparkConnectPlanExecution.scala:123)
	at org.apache.spark.sql.connect.execution.ExecuteThreadRunner.handlePlan(ExecuteThreadRunner.scala:385)
	at org.apache.spark.sql.connect.execution.ExecuteThreadRunner.$anonfun$executeInternal$1(ExecuteThreadRunner.scala:283)
	at org.apache.spark.sql.connect.execution.ExecuteThreadRunner.$anonfun$executeInternal$1$adapted(ExecuteThreadRunner.scala:239)
	at org.apache.spark.sql.connect.service.SessionHolder.$anonfun$withSession$2(SessionHolder.scala:633)
	at org.apache.spark.util.Utils$.getTryWithCallerStacktrace(Utils.scala:1746)
	at org.apache.spark.util.LazyTry.get(LazyTry.scala:75)
	at org.apache.spark.sql.execution.QueryExecution.executedPlan(QueryExecution.scala:1014)
	at com.databricks.spark.sqlgateway.history.SqlExecutionMetrics.$anonfun$setQueryExecution$2(SqlExecutionMetrics.scala:204)
	at scala.Option.map(Option.scala:242)
	at com.databricks.spark.sqlgateway.history.SqlExecutionMetrics.$anonfun$setQueryExecution$1(SqlExecutionMetrics.scala:204)
	at scala.util.Try$.apply(Try.scala:217)
	at com.databricks.spark.sqlgateway.history.SqlExecutionMetrics.setQueryExecution(SqlExecutionMetrics.scala:204)
	at com.databricks.spark.sqlgateway.history.SqlGatewayHistorySparkListener.$anonfun$onSqlStart$1(SqlGatewayHistorySparkListener.scala:871)
	at com.databricks.spark.util.FrameProfiler$.$anonfun$record$1(FrameProfiler.scala:114)
	at com.databricks.spark.util.FrameProfilerExporter$.maybeExportFrameProfiler(FrameProfilerExporter.scala:203)
	at com.databricks.spark.util.FrameProfiler$.record(FrameProfiler.scala:105)
	at com.databricks.spark.sqlgateway.history.SqlGatewayHistorySparkListener.com$databricks$spark$sqlgateway$history$SqlGatewayHistorySparkListener$$onSqlStart(SqlGatewayHistorySparkListener.scala:815)
	at com.databricks.spark.sqlgateway.history.SqlGatewayHistorySparkListener$$anonfun$onOtherEventDefault$1.applyOrElse(SqlGatewayHistorySparkListener.scala:235)
	at com.databricks.spark.sqlgateway.history.SqlGatewayHistorySparkListener$$anonfun$onOtherEventDefault$1.applyOrElse(SqlGatewayHistorySparkListener.scala:223)
	at scala.runtime.AbstractPartialFunction.apply(AbstractPartialFunction.scala:35)
	at com.databricks.spark.sqlgateway.history.utils.ScriptStatementHelper$$anonfun$onOtherEvent$1.applyOrElse(ScriptStatementHelper.scala:28)
	at com.databricks.spark.sqlgateway.history.utils.ScriptStatementHelper$$anonfun$onOtherEvent$1.applyOrElse(ScriptStatementHelper.scala:28)
	at scala.PartialFunction$OrElse.applyOrElse(PartialFunction.scala:270)
	at com.databricks.spark.sqlgateway.history.SqlGatewayHistorySparkListener.$anonfun$onOtherEvent$1(SqlGatewayHistorySparkListener.scala:201)
	at scala.runtime.java8.JFunction0$mcV$sp.apply(JFunction0$mcV$sp.scala:18)
	at com.databricks.spark.util.FrameProfiler$.$anonfun$record$1(FrameProfiler.scala:114)
	at com.databricks.spark.util.FrameProfilerExporter$.maybeExportFrameProfiler(FrameProfilerExporter.scala:203)
	at com.databricks.spark.util.FrameProfiler$.record(FrameProfiler.scala:105)
	at com.databricks.spark.sqlgateway.history.SqlGatewayHistorySparkListener.onOtherEvent(SqlGatewayHistorySparkListener.scala:201)
	at org.apache.spark.scheduler.SparkListenerBus.doPostEvent(SparkListenerBus.scala:108)
	at org.apache.spark.scheduler.SparkListenerBus.doPostEvent$(SparkListenerBus.scala:28)
	at org.apache.spark.scheduler.AsyncEventQueue.doPostEvent(AsyncEventQueue.scala:46)
	at org.apache.spark.scheduler.AsyncEventQueue.doPostEvent(AsyncEventQueue.scala:46)
	at org.apache.spark.util.ListenerBus.postToAll(ListenerBus.scala:208)
	at org.apache.spark.util.ListenerBus.postToAll$(ListenerBus.scala:172)
	at org.apache.spark.scheduler.AsyncEventQueue.super$postToAll(AsyncEventQueue.scala:183)
	at org.apache.spark.scheduler.AsyncEventQueue.$anonfun$dispatch$1(AsyncEventQueue.scala:183)
	at scala.runtime.java8.JFunction0$mcJ$sp.apply(JFunction0$mcJ$sp.scala:17)
	at scala.util.DynamicVariable.withValue(DynamicVariable.scala:59)
	at org.apache.spark.scheduler.AsyncEventQueue.org$apache$spark$scheduler$AsyncEventQueue$$dispatch(AsyncEventQueue.scala:119)
	at org.apache.spark.scheduler.AsyncEventQueue$$anon$2.$anonfun$run$1(AsyncEventQueue.scala:115)
	at org.apache.spark.util.Utils$.tryOrStopSparkContext(Utils.scala:1573)
	at org.apache.spark.scheduler.AsyncEventQueue$$anon$2.run(AsyncEventQueue.scala:115)
