2026-02-02 06:15:52 - root - INFO - [command-7188873956465610-2952638779:67] - Logging to file: /Workspace/Users/ajmalkhan88083@gmail.com/end_to_end_data_engineering/Logs/etl_pipeline_20260202_061552.log
2026-02-02 06:16:09 - py4j.clientserver - INFO - [clientserver.py:602] - Received command c on object id p0
2026-02-02 06:16:09 - __main__ - INFO - [command-8820294981604532-1206448898:21] - Starting Problem 2: Daily Revenue Change Over Time?
2026-02-02 06:16:09 - __main__ - INFO - [command-8820294981604532-1206448898:24] - Step 1: Extracting data...
2026-02-02 06:16:09 - __main__ - INFO - [command-5195029872733771-1702836517:32] - Starting data extraction...
2026-02-02 06:16:09 - __main__ - INFO - [command-5195029872733771-1702836517:37] -  Reading customer.csv...
2026-02-02 06:16:11 - __main__ - INFO - [command-5195029872733771-1702836517:43] - Loaded 6000000 customer records
2026-02-02 06:16:11 - __main__ - INFO - [command-5195029872733771-1702836517:50] -   Reading orders.csv...
2026-02-02 06:16:13 - __main__ - INFO - [command-5195029872733771-1702836517:56] - Loaded 10000000 Order records
2026-02-02 06:16:13 - __main__ - INFO - [command-5195029872733771-1702836517:63] -   Reading order_items.csv...
2026-02-02 06:16:18 - __main__ - INFO - [command-5195029872733771-1702836517:69] - Loaded 30000000 order_items records
2026-02-02 06:16:18 - __main__ - INFO - [command-5195029872733771-1702836517:76] -   Reading product.csv...
2026-02-02 06:16:18 - __main__ - INFO - [command-5195029872733771-1702836517:82] - Loaded 150000 product records
2026-02-02 06:16:46 - __main__ - INFO - [command-8820294981604532-1206448898:26] - Extraction successful
2026-02-02 06:16:46 - __main__ - INFO - [command-8820294981604532-1206448898:29] - Step 2: Transforming data...
2026-02-02 06:16:47 - __main__ - INFO - [command-8820294981604532-1206448898:31] -  Transformation successful. Rows: 365
2026-02-02 06:16:48 - __main__ - INFO - [command-8820294981604532-1206448898:37] - Step 3: Loading data to sink...
2026-02-02 06:16:48 - __main__ - INFO - [command-5195029872733775-1668334764:42] - Loading Daily Revenue Trend data to DBFS...
2026-02-02 06:16:48 - __main__ - INFO - [command-5195029872733775-1668334764:45] -   Total rows to load: 365
2026-02-02 06:16:58 - __main__ - INFO - [command-5195029872733775-1668334764:68] -  Successfully loaded 365 rows to DBFS...
2026-02-02 06:16:58 - __main__ - INFO - [command-8820294981604532-1206448898:39] -  Loading successful
2026-02-02 06:16:58 - __main__ - INFO - [command-8820294981604532-1206448898:41] - Problem 2 COMPLETED

2026-02-02 06:18:12 - py4j.clientserver - INFO - [clientserver.py:588] - Python Server ready to receive messages
2026-02-02 06:18:12 - py4j.clientserver - INFO - [clientserver.py:602] - Received command c on object id p0
2026-02-02 06:18:12 - __main__ - INFO - [command-6873462918824000-1530886290:21] - Starting Problem 3: Top Cities by Revenue Which cities contribute the most revenue?
2026-02-02 06:18:12 - __main__ - INFO - [command-6873462918824000-1530886290:24] - Step 1: Extracting data...
2026-02-02 06:18:12 - __main__ - INFO - [command-5195029872733771-1702836517:32] - Starting data extraction...
2026-02-02 06:18:12 - __main__ - INFO - [command-5195029872733771-1702836517:37] -  Reading customer.csv...
2026-02-02 06:18:14 - __main__ - INFO - [command-5195029872733771-1702836517:43] - Loaded 6000000 customer records
2026-02-02 06:18:14 - __main__ - INFO - [command-5195029872733771-1702836517:50] -   Reading orders.csv...
2026-02-02 06:18:16 - __main__ - INFO - [command-5195029872733771-1702836517:56] - Loaded 10000000 Order records
2026-02-02 06:18:16 - __main__ - INFO - [command-5195029872733771-1702836517:63] -   Reading order_items.csv...
2026-02-02 06:18:20 - __main__ - INFO - [command-5195029872733771-1702836517:69] - Loaded 30000000 order_items records
2026-02-02 06:18:20 - __main__ - INFO - [command-5195029872733771-1702836517:76] -   Reading product.csv...
2026-02-02 06:18:21 - __main__ - INFO - [command-5195029872733771-1702836517:82] - Loaded 150000 product records
2026-02-02 06:18:50 - __main__ - INFO - [command-6873462918824000-1530886290:26] -  Extraction successful
2026-02-02 06:18:50 - __main__ - INFO - [command-6873462918824000-1530886290:29] - Step 2: Transforming data...
2026-02-02 06:18:52 - __main__ - INFO - [command-6873462918824000-1530886290:31] - Transformation successful. Rows: 7
2026-02-02 06:18:54 - __main__ - INFO - [command-6873462918824000-1530886290:37] - Step 3: Loading data to sink...
2026-02-02 06:18:54 - __main__ - INFO - [command-5195029872733775-1668334764:79] - Loading Top Cities By Revenue data to DBFS...
2026-02-02 06:18:56 - __main__ - INFO - [command-5195029872733775-1668334764:81] -   Total rows to load: 7
2026-02-02 06:18:58 - __main__ - INFO - [command-5195029872733775-1668334764:94] -  Successfully loaded 7 rows to DBFS...
2026-02-02 06:18:58 - __main__ - INFO - [command-6873462918824000-1530886290:39] -  Loading successful
2026-02-02 06:18:58 - __main__ - INFO - [command-6873462918824000-1530886290:41] - ✓ Problem 3 COMPLETED

2026-02-02 06:30:21 - py4j.clientserver - INFO - [clientserver.py:588] - Python Server ready to receive messages
2026-02-02 06:30:21 - py4j.clientserver - INFO - [clientserver.py:602] - Received command c on object id p0
2026-02-02 06:30:28 - py4j.clientserver - INFO - [clientserver.py:602] - Received command c on object id p0
2026-02-02 06:31:03 - py4j.clientserver - INFO - [clientserver.py:602] - Received command c on object id p0
2026-02-02 06:31:36 - py4j.clientserver - INFO - [clientserver.py:602] - Received command c on object id p0
2026-02-02 06:36:42 - py4j.clientserver - INFO - [clientserver.py:588] - Python Server ready to receive messages
2026-02-02 06:36:42 - py4j.clientserver - INFO - [clientserver.py:602] - Received command c on object id p0
2026-02-02 06:36:46 - py4j.clientserver - INFO - [clientserver.py:602] - Received command c on object id p0
2026-02-02 06:36:48 - py4j.clientserver - INFO - [clientserver.py:602] - Received command c on object id p0
2026-02-02 06:36:50 - py4j.clientserver - INFO - [clientserver.py:602] - Received command c on object id p0
2026-02-02 06:36:50 - py4j.clientserver - INFO - [clientserver.py:602] - Received command c on object id p0
2026-02-02 06:36:50 - py4j.clientserver - INFO - [clientserver.py:602] - Received command c on object id p0
2026-02-02 06:36:51 - py4j.clientserver - INFO - [clientserver.py:602] - Received command c on object id p0
2026-02-02 06:36:51 - py4j.clientserver - INFO - [clientserver.py:602] - Received command c on object id p0
2026-02-02 06:36:52 - py4j.clientserver - INFO - [clientserver.py:602] - Received command c on object id p0
2026-02-02 06:36:52 - py4j.clientserver - INFO - [clientserver.py:602] - Received command c on object id p0
2026-02-02 06:36:52 - __main__ - INFO - [command-5195029872733771-2998430289:30] - Starting data extraction...
2026-02-02 06:36:52 - __main__ - INFO - [command-5195029872733771-2998430289:35] -   Reading customer.csv...
2026-02-02 06:36:54 - __main__ - INFO - [command-5195029872733771-2998430289:41] - Loaded 6000000 customer records
2026-02-02 06:36:54 - __main__ - INFO - [command-5195029872733771-2998430289:48] -   Reading orders.csv...
2026-02-02 06:36:56 - __main__ - INFO - [command-5195029872733771-2998430289:54] - Loaded 10000000 Order records
2026-02-02 06:36:56 - __main__ - INFO - [command-5195029872733771-2998430289:61] -   Reading order_items.csv...
2026-02-02 06:37:00 - __main__ - INFO - [command-5195029872733771-2998430289:67] - Loaded 30000000 order_items records
2026-02-02 06:37:00 - __main__ - INFO - [command-5195029872733771-2998430289:74] -   Reading product.csv...
2026-02-02 06:37:01 - __main__ - INFO - [command-5195029872733771-2998430289:80] - Loaded 150000 product records
2026-02-02 06:37:50 - py4j.clientserver - INFO - [clientserver.py:602] - Received command c on object id p0
2026-02-02 06:37:53 - py4j.clientserver - INFO - [clientserver.py:602] - Received command c on object id p0
2026-02-02 06:37:53 - py4j.clientserver - INFO - [clientserver.py:602] - Received command c on object id p0
2026-02-02 06:37:54 - py4j.clientserver - INFO - [clientserver.py:602] - Received command c on object id p0
2026-02-02 06:37:57 - py4j.clientserver - INFO - [clientserver.py:602] - Received command c on object id p0
2026-02-02 06:38:05 - py4j.clientserver - INFO - [clientserver.py:602] - Received command c on object id p0
2026-02-02 06:38:12 - py4j.clientserver - INFO - [clientserver.py:602] - Received command c on object id p0
2026-02-02 06:38:14 - py4j.clientserver - INFO - [clientserver.py:602] - Received command c on object id p0
2026-02-02 06:38:29 - py4j.clientserver - INFO - [clientserver.py:602] - Received command c on object id p0
