2026-02-16 07:29:42 - root - INFO - ✓ Logging to file: /Workspace/Users/ajmalkhan88083@gmail.com/end_to_end_data_engineering/Logs/etl_pipeline_20260216_072941.log
2026-02-16 07:29:42 - __main__ - INFO - Starting Problem 5: What percentage of orders are delivered vs cancelled?
2026-02-16 07:29:42 - __main__ - INFO - Step 1: Extracting data...
2026-02-16 07:29:42 - __main__ - INFO - Starting data extraction...
2026-02-16 07:29:42 - __main__ - INFO -   Reading customer.csv...
2026-02-16 07:29:43 - __main__ - INFO - Loaded 6000000 customer records
2026-02-16 07:29:43 - __main__ - INFO -   Reading orders.csv...
2026-02-16 07:29:45 - __main__ - INFO - Loaded 10000000 Order records
2026-02-16 07:29:45 - __main__ - INFO -   Reading order_items.csv...
2026-02-16 07:29:48 - __main__ - INFO - Loaded 30000000 order_items records
2026-02-16 07:29:48 - __main__ - INFO -   Reading product.csv...
2026-02-16 07:29:49 - __main__ - INFO - Loaded 150000 product records
2026-02-16 07:30:18 - __main__ - INFO -  Extraction successful
2026-02-16 07:30:18 - __main__ - INFO - Step 2: Transforming data...
2026-02-16 07:30:18 - __main__ - ERROR -  Problem 5 FAILED
2026-02-16 07:30:18 - __main__ - ERROR - Error: [UNRESOLVED_COLUMN.WITH_SUGGESTION] A column, variable, or function parameter with name `order_date` cannot be resolved. Did you mean one of the following? [`status_count`, `workspace`.`silver`.`order_silver`.`order_status`]. SQLSTATE: 42703;
'Aggregate [unresolvedalias(count(1))]
+- 'Project ['order_status, 'status_count, 'Percentage_Share]
   +- 'Project [order_status#20359, status_count#20316L, '`*`('`/`(status_count#20316L, sum(status_count#20316L) windowspecdefinition('order_date, specifiedwindowframe(RowFrame, unboundedpreceding$(), unboundedfollowing$()))), 100) AS Percentage_Share#20365]
      +- Aggregate [order_status#20359], [order_status#20359, count(order_id#20352) AS status_count#20316L]
         +- SubqueryAlias workspace.silver.order_silver
            +- Relation workspace.silver.order_silver[order_id#20352,customer_id#20353L,order_date#20354,order_ts#20355,city#20356,state#20357,payment_method#20358,order_status#20359,total_amount#20360,is_valid_record#20361] parquet


JVM stacktrace:
org.apache.spark.sql.catalyst.ExtendedAnalysisException
	at org.apache.spark.sql.errors.QueryCompilationErrors$.unresolvedAttributeError(QueryCompilationErrors.scala:681)
	at org.apache.spark.sql.catalyst.analysis.CheckAnalysis.org$apache$spark$sql$catalyst$analysis$CheckAnalysis$$failUnresolvedAttribute(CheckAnalysis.scala:192)
	at org.apache.spark.sql.catalyst.analysis.CheckAnalysis.$anonfun$checkAnalysis0$10(CheckAnalysis.scala:505)
	at org.apache.spark.sql.catalyst.analysis.CheckAnalysis.$anonfun$checkAnalysis0$10$adapted(CheckAnalysis.scala:490)
	at org.apache.spark.sql.catalyst.analysis.CheckAnalysis.traverse$1(CheckAnalysis.scala:1084)
	at org.apache.spark.sql.catalyst.analysis.CheckAnalysis.$anonfun$foreachUpSkippingSecureView$1(CheckAnalysis.scala:1083)
	at org.apache.spark.sql.catalyst.analysis.CheckAnalysis.$anonfun$foreachUpSkippingSecureView$1$adapted(CheckAnalysis.scala:1083)
	at scala.collection.immutable.List.foreach(List.scala:334)
	at org.apache.spark.sql.catalyst.analysis.CheckAnalysis.traverse$1(CheckAnalysis.scala:1083)
	at org.apache.spark.sql.catalyst.analysis.CheckAnalysis.$anonfun$foreachUpSkippingSecureView$1(CheckAnalysis.scala:1083)
	at org.apache.spark.sql.catalyst.analysis.CheckAnalysis.$anonfun$foreachUpSkippingSecureView$1$adapted(CheckAnalysis.scala:1083)
	at scala.collection.immutable.Vector.foreach(Vector.scala:2125)
	at org.apache.spark.sql.catalyst.analysis.CheckAnalysis.traverse$1(CheckAnalysis.scala:1083)
	at org.apache.spark.sql.catalyst.analysis.CheckAnalysis.$anonfun$foreachUpSkippingSecureView$1(CheckAnalysis.scala:1083)
	at org.apache.spark.sql.catalyst.analysis.CheckAnalysis.$anonfun$foreachUpSkippingSecureView$1$adapted(CheckAnalysis.scala:1083)
	at scala.collection.immutable.Vector.foreach(Vector.scala:2125)
	at org.apache.spark.sql.catalyst.analysis.CheckAnalysis.traverse$1(CheckAnalysis.scala:1083)
	at org.apache.spark.sql.catalyst.analysis.CheckAnalysis.$anonfun$foreachUpSkippingSecureView$1(CheckAnalysis.scala:1083)
	at org.apache.spark.sql.catalyst.analysis.CheckAnalysis.$anonfun$foreachUpSkippingSecureView$1$adapted(CheckAnalysis.scala:1083)
	at scala.collection.immutable.Vector.foreach(Vector.scala:2125)
	at org.apache.spark.sql.catalyst.analysis.CheckAnalysis.traverse$1(CheckAnalysis.scala:1083)
	at org.apache.spark.sql.catalyst.analysis.CheckAnalysis.$anonfun$foreachUpSkippingSecureView$1(CheckAnalysis.scala:1083)
	at org.apache.spark.sql.catalyst.analysis.CheckAnalysis.$anonfun$foreachUpSkippingSecureView$1$adapted(CheckAnalysis.scala:1083)
	at scala.collection.immutable.Vector.foreach(Vector.scala:2125)
	at org.apache.spark.sql.catalyst.analysis.CheckAnalysis.traverse$1(CheckAnalysis.scala:1083)
	at org.apache.spark.sql.catalyst.analysis.CheckAnalysis.foreachUpSkippingSecureView(CheckAnalysis.scala:1086)
	at org.apache.spark.sql.catalyst.analysis.CheckAnalysis.$anonfun$checkAnalysis0$9(CheckAnalysis.scala:490)
	at org.apache.spark.sql.catalyst.analysis.CheckAnalysis.$anonfun$checkAnalysis0$9$adapted(CheckAnalysis.scala:490)
	at scala.collection.IterableOnceOps.foreach(IterableOnce.scala:619)
	at scala.collection.IterableOnceOps.foreach$(IterableOnce.scala:617)
	at scala.collection.AbstractIterable.foreach(Iterable.scala:935)
	at org.apache.spark.sql.catalyst.analysis.CheckAnalysis.$anonfun$checkAnalysis0$2(CheckAnalysis.scala:490)
	at org.apache.spark.sql.catalyst.analysis.CheckAnalysis.$anonfun$checkAnalysis0$2$adapted(CheckAnalysis.scala:324)
	at org.apache.spark.sql.catalyst.trees.TreeNode.foreachUp(TreeNode.scala:325)
	at org.apache.spark.sql.catalyst.trees.TreeNode.$anonfun$foreachUp$1(TreeNode.scala:324)
	at org.apache.spark.sql.catalyst.trees.TreeNode.$anonfun$foreachUp$1$adapted(TreeNode.scala:324)
	at scala.collection.immutable.Vector.foreach(Vector.scala:2125)
	at org.apache.spark.sql.catalyst.trees.TreeNode.foreachUp(TreeNode.scala:324)
	at org.apache.spark.sql.catalyst.trees.TreeNode.$anonfun$foreachUp$1(TreeNode.scala:324)
	at org.apache.spark.sql.catalyst.trees.TreeNode.$anonfun$foreachUp$1$adapted(TreeNode.scala:324)
	at scala.collection.immutable.Vector.foreach(Vector.scala:2125)
	at org.apache.spark.sql.catalyst.trees.TreeNode.foreachUp(TreeNode.scala:324)
	at org.apache.spark.sql.catalyst.analysis.CheckAnalysis.checkAnalysis0(CheckAnalysis.scala:324)
	at org.apache.spark.sql.catalyst.analysis.CheckAnalysis.checkAnalysis0$(CheckAnalysis.scala:295)
	at org.apache.spark.sql.catalyst.analysis.Analyzer.checkAnalysis0(Analyzer.scala:563)
	at org.apache.spark.sql.catalyst.analysis.CheckAnalysis.$anonfun$checkAnalysis$1(CheckAnalysis.scala:280)
	at scala.runtime.java8.JFunction0$mcV$sp.apply(JFunction0$mcV$sp.scala:18)
	at com.databricks.spark.util.FrameProfiler$.$anonfun$record$1(FrameProfiler.scala:114)
	at com.databricks.spark.util.FrameProfilerExporter$.maybeExportFrameProfiler(FrameProfilerExporter.scala:203)
	at com.databricks.spark.util.FrameProfiler$.record(FrameProfiler.scala:105)
	at org.apache.spark.sql.catalyst.analysis.CheckAnalysis.checkAnalysis(CheckAnalysis.scala:267)
	at org.apache.spark.sql.catalyst.analysis.CheckAnalysis.checkAnalysis$(CheckAnalysis.scala:263)
	at org.apache.spark.sql.catalyst.analysis.Analyzer.checkAnalysis(Analyzer.scala:563)
	at org.apache.spark.sql.catalyst.analysis.resolver.HybridAnalyzer.$anonfun$resolveInFixedPoint$1(HybridAnalyzer.scala:414)
	at scala.runtime.java8.JFunction0$mcV$sp.apply(JFunction0$mcV$sp.scala:18)
	at org.apache.spark.sql.catalyst.QueryPlanningTracker$.withTracker(QueryPlanningTracker.scala:266)
	at org.apache.spark.sql.catalyst.analysis.resolver.HybridAnalyzer.resolveInFixedPoint(HybridAnalyzer.scala:414)
	at org.apache.spark.sql.catalyst.analysis.resolver.HybridAnalyzer.$anonfun$apply$1(HybridAnalyzer.scala:97)
	at org.apache.spark.sql.catalyst.analysis.resolver.HybridAnalyzer.withTrackedAnalyzerBridgeState(HybridAnalyzer.scala:134)
	at org.apache.spark.sql.catalyst.analysis.resolver.HybridAnalyzer.apply(HybridAnalyzer.scala:90)
	at org.apache.spark.sql.catalyst.analysis.Analyzer.$anonfun$executeAndCheck$2(Analyzer.scala:623)
	at org.apache.spark.sql.catalyst.plans.logical.AnalysisHelper$.markInAnalyzer(AnalysisHelper.scala:425)
	at org.apache.spark.sql.catalyst.analysis.Analyzer.$anonfun$executeAndCheck$1(Analyzer.scala:623)
	at com.databricks.sql.unity.SAMSnapshotHelper$.visitPlansDuringAnalysis(SAMSnapshotHelper.scala:40)
	at org.apache.spark.sql.catalyst.analysis.Analyzer.executeAndCheck(Analyzer.scala:612)
	at org.apache.spark.sql.execution.QueryExecution.$anonfun$lazyAnalyzed$3(QueryExecution.scala:484)
	at com.databricks.spark.util.FrameProfiler$.$anonfun$record$1(FrameProfiler.scala:114)
	at com.databricks.spark.util.FrameProfilerExporter$.maybeExportFrameProfiler(FrameProfilerExporter.scala:203)
	at com.databricks.spark.util.FrameProfiler$.record(FrameProfiler.scala:105)
	at org.apache.spark.sql.catalyst.QueryPlanningTracker.measurePhase(QueryPlanningTracker.scala:806)
	at org.apache.spark.sql.execution.QueryExecution.$anonfun$executePhase$8(QueryExecution.scala:1012)
	at org.apache.spark.sql.execution.SQLExecution$.$anonfun$withExecutionPhase$1(SQLExecution.scala:169)
	at com.databricks.util.TracingSpanUtils$.withTracing(TracingSpanUtils.scala:250)
	at com.databricks.spark.util.DatabricksTracingHelper.withSpan(DatabricksSparkTracingHelper.scala:154)
	at com.databricks.spark.util.DBRTracing$.withSpan(DBRTracing.scala:87)
	at org.apache.spark.sql.execution.SQLExecution$.withExecutionPhase(SQLExecution.scala:150)
	at org.apache.spark.sql.execution.QueryExecution.$anonfun$executePhase$7(QueryExecution.scala:1012)
	at org.apache.spark.sql.execution.QueryExecution$.withInternalError(QueryExecution.scala:1671)
	at org.apache.spark.sql.execution.QueryExecution.$anonfun$executePhase$5(QueryExecution.scala:1005)
	at com.databricks.util.LexicalThreadLocal$Handle.runWith(LexicalThreadLocal.scala:63)
	at org.apache.spark.sql.execution.QueryExecution.$anonfun$executePhase$4(QueryExecution.scala:1002)
	at com.databricks.util.LexicalThreadLocal$Handle.runWith(LexicalThreadLocal.scala:63)
	at org.apache.spark.sql.execution.QueryExecution.$anonfun$executePhase$3(QueryExecution.scala:1002)
	at com.databricks.util.LexicalThreadLocal$Handle.runWith(LexicalThreadLocal.scala:63)
	at org.apache.spark.sql.execution.QueryExecution.$anonfun$executePhase$2(QueryExecution.scala:1001)
	at com.databricks.util.LexicalThreadLocal$Handle.runWith(LexicalThreadLocal.scala:63)
	at org.apache.spark.sql.execution.QueryExecution.withQueryExecutionId(QueryExecution.scala:989)
	at org.apache.spark.sql.execution.QueryExecution.$anonfun$executePhase$1(QueryExecution.scala:1000)
	at org.apache.spark.sql.SparkSession.withActive(SparkSession.scala:860)
	at org.apache.spark.sql.execution.QueryExecution.executePhase(QueryExecution.scala:999)
	at org.apache.spark.sql.execution.QueryExecution.$anonfun$lazyAnalyzed$2(QueryExecution.scala:475)
	at com.databricks.sql.util.MemoryTrackerHelper.withMemoryTracking(MemoryTrackerHelper.scala:111)
	at org.apache.spark.sql.execution.QueryExecution.$anonfun$lazyAnalyzed$1(QueryExecution.scala:474)
	at scala.util.Try$.apply(Try.scala:217)
	at org.apache.spark.util.Utils$.doTryWithCallerStacktrace(Utils.scala:1685)
	at org.apache.spark.util.LazyTry.tryT$lzycompute(LazyTry.scala:60)
	at org.apache.spark.util.LazyTry.tryT(LazyTry.scala:59)
	at org.apache.spark.util.LazyTry.get(LazyTry.scala:75)
	at org.apache.spark.sql.execution.QueryExecution.analyzed(QueryExecution.scala:513)
	at org.apache.spark.sql.execution.QueryExecution.assertAnalyzed(QueryExecution.scala:401)
	at org.apache.spark.sql.classic.Dataset$.$anonfun$ofRows$11(Dataset.scala:243)
	at org.apache.spark.sql.SparkSession.withActive(SparkSession.scala:860)
	at org.apache.spark.sql.classic.SparkSession.$anonfun$withActiveAndFrameProfiler$1(SparkSession.scala:1249)
	at com.databricks.spark.util.FrameProfiler$.$anonfun$record$1(FrameProfiler.scala:114)
	at com.databricks.spark.util.FrameProfilerExporter$.maybeExportFrameProfiler(FrameProfilerExporter.scala:203)
	at com.databricks.spark.util.FrameProfiler$.record(FrameProfiler.scala:105)
	at org.apache.spark.sql.classic.SparkSession.withActiveAndFrameProfiler(SparkSession.scala:1249)
	at org.apache.spark.sql.classic.Dataset$.ofRows(Dataset.scala:238)
	at org.apache.spark.sql.connect.execution.SparkConnectPlanExecution.$anonfun$handlePlan$8(SparkConnectPlanExecution.scala:129)
	at org.apache.spark.sql.connect.utils.TimingUtils$.withTiming(TimingUtils.scala:35)
	at org.apache.spark.sql.connect.execution.SparkConnectPlanExecution.handlePlan(SparkConnectPlanExecution.scala:123)
	at org.apache.spark.sql.connect.execution.ExecuteThreadRunner.handlePlan(ExecuteThreadRunner.scala:378)
	at org.apache.spark.sql.connect.execution.ExecuteThreadRunner.$anonfun$executeInternal$1(ExecuteThreadRunner.scala:284)
	at org.apache.spark.sql.connect.execution.ExecuteThreadRunner.$anonfun$executeInternal$1$adapted(ExecuteThreadRunner.scala:240)
	at org.apache.spark.sql.connect.service.SessionHolder.$anonfun$withSession$2(SessionHolder.scala:633)
	at org.apache.spark.util.Utils$.getTryWithCallerStacktrace(Utils.scala:1746)
	at org.apache.spark.util.LazyTry.get(LazyTry.scala:75)
	at org.apache.spark.sql.execution.QueryExecution.executedPlan(QueryExecution.scala:919)
	at com.databricks.spark.sqlgateway.history.SqlExecutionMetrics.$anonfun$setQueryExecution$2(SqlExecutionMetrics.scala:199)
	at scala.Option.map(Option.scala:242)
	at com.databricks.spark.sqlgateway.history.SqlExecutionMetrics.$anonfun$setQueryExecution$1(SqlExecutionMetrics.scala:199)
	at scala.util.Try$.apply(Try.scala:217)
	at com.databricks.spark.sqlgateway.history.SqlExecutionMetrics.setQueryExecution(SqlExecutionMetrics.scala:199)
	at com.databricks.spark.sqlgateway.history.SqlGatewayHistorySparkListener.$anonfun$onSqlStart$1(SqlGatewayHistorySparkListener.scala:870)
	at com.databricks.spark.util.FrameProfiler$.$anonfun$record$1(FrameProfiler.scala:114)
	at com.databricks.spark.util.FrameProfilerExporter$.maybeExportFrameProfiler(FrameProfilerExporter.scala:203)
	at com.databricks.spark.util.FrameProfiler$.record(FrameProfiler.scala:105)
	at com.databricks.spark.sqlgateway.history.SqlGatewayHistorySparkListener.com$databricks$spark$sqlgateway$history$SqlGatewayHistorySparkListener$$onSqlStart(SqlGatewayHistorySparkListener.scala:814)
	at com.databricks.spark.sqlgateway.history.SqlGatewayHistorySparkListener$$anonfun$onOtherEventDefault$1.applyOrElse(SqlGatewayHistorySparkListener.scala:234)
	at com.databricks.spark.sqlgateway.history.SqlGatewayHistorySparkListener$$anonfun$onOtherEventDefault$1.applyOrElse(SqlGatewayHistorySparkListener.scala:222)
	at scala.runtime.AbstractPartialFunction.apply(AbstractPartialFunction.scala:35)
	at com.databricks.spark.sqlgateway.history.utils.ScriptStatementHelper$$anonfun$onOtherEvent$1.applyOrElse(ScriptStatementHelper.scala:28)
	at com.databricks.spark.sqlgateway.history.utils.ScriptStatementHelper$$anonfun$onOtherEvent$1.applyOrElse(ScriptStatementHelper.scala:28)
	at scala.PartialFunction$OrElse.applyOrElse(PartialFunction.scala:270)
	at com.databricks.spark.sqlgateway.history.SqlGatewayHistorySparkListener.$anonfun$onOtherEvent$1(SqlGatewayHistorySparkListener.scala:200)
	at scala.runtime.java8.JFunction0$mcV$sp.apply(JFunction0$mcV$sp.scala:18)
	at com.databricks.spark.util.FrameProfiler$.$anonfun$record$1(FrameProfiler.scala:114)
	at com.databricks.spark.util.FrameProfilerExporter$.maybeExportFrameProfiler(FrameProfilerExporter.scala:203)
	at com.databricks.spark.util.FrameProfiler$.record(FrameProfiler.scala:105)
	at com.databricks.spark.sqlgateway.history.SqlGatewayHistorySparkListener.onOtherEvent(SqlGatewayHistorySparkListener.scala:200)
	at org.apache.spark.scheduler.SparkListenerBus.doPostEvent(SparkListenerBus.scala:108)
	at org.apache.spark.scheduler.SparkListenerBus.doPostEvent$(SparkListenerBus.scala:28)
	at org.apache.spark.scheduler.AsyncEventQueue.doPostEvent(AsyncEventQueue.scala:46)
	at org.apache.spark.scheduler.AsyncEventQueue.doPostEvent(AsyncEventQueue.scala:46)
	at org.apache.spark.util.ListenerBus.postToAll(ListenerBus.scala:208)
	at org.apache.spark.util.ListenerBus.postToAll$(ListenerBus.scala:172)
	at org.apache.spark.scheduler.AsyncEventQueue.super$postToAll(AsyncEventQueue.scala:183)
	at org.apache.spark.scheduler.AsyncEventQueue.$anonfun$dispatch$1(AsyncEventQueue.scala:183)
	at scala.runtime.java8.JFunction0$mcJ$sp.apply(JFunction0$mcJ$sp.scala:17)
	at scala.util.DynamicVariable.withValue(DynamicVariable.scala:59)
	at org.apache.spark.scheduler.AsyncEventQueue.org$apache$spark$scheduler$AsyncEventQueue$$dispatch(AsyncEventQueue.scala:119)
	at org.apache.spark.scheduler.AsyncEventQueue$$anon$2.$anonfun$run$1(AsyncEventQueue.scala:115)
	at org.apache.spark.util.Utils$.tryOrStopSparkContext(Utils.scala:1573)
	at org.apache.spark.scheduler.AsyncEventQueue$$anon$2.run(AsyncEventQueue.scala:115)
Traceback (most recent call last):
  File "/home/spark-b10f0522-e784-42c0-a252-0b/.ipykernel/2639/command-7428020290726352-2091916713", line 26, in runner
    logger.info(f'Transformation successful. Rows: {orderDeliveredVsCancelledDF.count()}')
                                                    ^^^^^^^^^^^^^^^^^^^^^^^^^^^^^^^^^^^
  File "/databricks/python/lib/python3.12/site-packages/pyspark/sql/connect/dataframe.py", line 318, in count
    )._to_table()  # type: ignore[operator]
      ^^^^^^^^^^^
  File "/databricks/python/lib/python3.12/site-packages/pyspark/sql/connect/dataframe.py", line 1923, in _to_table
    table, schema, self._execution_info = self._session.client.to_table(
                                          ^^^^^^^^^^^^^^^^^^^^^^^^^^^^^^
  File "/databricks/python/lib/python3.12/site-packages/pyspark/sql/connect/client/core.py", line 1272, in to_table
    table, schema, metrics, observed_metrics, _ = self._execute_and_fetch(req, observations)
                                                  ^^^^^^^^^^^^^^^^^^^^^^^^^^^^^^^^^^^^^^^^^^
  File "/databricks/python/lib/python3.12/site-packages/pyspark/sql/connect/client/core.py", line 2139, in _execute_and_fetch
    for response in self._execute_and_fetch_as_iterator(
  File "/databricks/python/lib/python3.12/site-packages/pyspark/sql/connect/client/core.py", line 2115, in _execute_and_fetch_as_iterator
    self._handle_error(error)
  File "/databricks/python/lib/python3.12/site-packages/pyspark/sql/connect/client/core.py", line 2433, in _handle_error
    self._handle_rpc_error(error)
  File "/databricks/python/lib/python3.12/site-packages/pyspark/sql/connect/client/core.py", line 2511, in _handle_rpc_error
    raise convert_exception(
pyspark.errors.exceptions.connect.AnalysisException: [UNRESOLVED_COLUMN.WITH_SUGGESTION] A column, variable, or function parameter with name `order_date` cannot be resolved. Did you mean one of the following? [`status_count`, `workspace`.`silver`.`order_silver`.`order_status`]. SQLSTATE: 42703;
'Aggregate [unresolvedalias(count(1))]
+- 'Project ['order_status, 'status_count, 'Percentage_Share]
   +- 'Project [order_status#20359, status_count#20316L, '`*`('`/`(status_count#20316L, sum(status_count#20316L) windowspecdefinition('order_date, specifiedwindowframe(RowFrame, unboundedpreceding$(), unboundedfollowing$()))), 100) AS Percentage_Share#20365]
      +- Aggregate [order_status#20359], [order_status#20359, count(order_id#20352) AS status_count#20316L]
         +- SubqueryAlias workspace.silver.order_silver
            +- Relation workspace.silver.order_silver[order_id#20352,customer_id#20353L,order_date#20354,order_ts#20355,city#20356,state#20357,payment_method#20358,order_status#20359,total_amount#20360,is_valid_record#20361] parquet


JVM stacktrace:
org.apache.spark.sql.catalyst.ExtendedAnalysisException
	at org.apache.spark.sql.errors.QueryCompilationErrors$.unresolvedAttributeError(QueryCompilationErrors.scala:681)
	at org.apache.spark.sql.catalyst.analysis.CheckAnalysis.org$apache$spark$sql$catalyst$analysis$CheckAnalysis$$failUnresolvedAttribute(CheckAnalysis.scala:192)
	at org.apache.spark.sql.catalyst.analysis.CheckAnalysis.$anonfun$checkAnalysis0$10(CheckAnalysis.scala:505)
	at org.apache.spark.sql.catalyst.analysis.CheckAnalysis.$anonfun$checkAnalysis0$10$adapted(CheckAnalysis.scala:490)
	at org.apache.spark.sql.catalyst.analysis.CheckAnalysis.traverse$1(CheckAnalysis.scala:1084)
	at org.apache.spark.sql.catalyst.analysis.CheckAnalysis.$anonfun$foreachUpSkippingSecureView$1(CheckAnalysis.scala:1083)
	at org.apache.spark.sql.catalyst.analysis.CheckAnalysis.$anonfun$foreachUpSkippingSecureView$1$adapted(CheckAnalysis.scala:1083)
	at scala.collection.immutable.List.foreach(List.scala:334)
	at org.apache.spark.sql.catalyst.analysis.CheckAnalysis.traverse$1(CheckAnalysis.scala:1083)
	at org.apache.spark.sql.catalyst.analysis.CheckAnalysis.$anonfun$foreachUpSkippingSecureView$1(CheckAnalysis.scala:1083)
	at org.apache.spark.sql.catalyst.analysis.CheckAnalysis.$anonfun$foreachUpSkippingSecureView$1$adapted(CheckAnalysis.scala:1083)
	at scala.collection.immutable.Vector.foreach(Vector.scala:2125)
	at org.apache.spark.sql.catalyst.analysis.CheckAnalysis.traverse$1(CheckAnalysis.scala:1083)
	at org.apache.spark.sql.catalyst.analysis.CheckAnalysis.$anonfun$foreachUpSkippingSecureView$1(CheckAnalysis.scala:1083)
	at org.apache.spark.sql.catalyst.analysis.CheckAnalysis.$anonfun$foreachUpSkippingSecureView$1$adapted(CheckAnalysis.scala:1083)
	at scala.collection.immutable.Vector.foreach(Vector.scala:2125)
	at org.apache.spark.sql.catalyst.analysis.CheckAnalysis.traverse$1(CheckAnalysis.scala:1083)
	at org.apache.spark.sql.catalyst.analysis.CheckAnalysis.$anonfun$foreachUpSkippingSecureView$1(CheckAnalysis.scala:1083)
	at org.apache.spark.sql.catalyst.analysis.CheckAnalysis.$anonfun$foreachUpSkippingSecureView$1$adapted(CheckAnalysis.scala:1083)
	at scala.collection.immutable.Vector.foreach(Vector.scala:2125)
	at org.apache.spark.sql.catalyst.analysis.CheckAnalysis.traverse$1(CheckAnalysis.scala:1083)
	at org.apache.spark.sql.catalyst.analysis.CheckAnalysis.$anonfun$foreachUpSkippingSecureView$1(CheckAnalysis.scala:1083)
	at org.apache.spark.sql.catalyst.analysis.CheckAnalysis.$anonfun$foreachUpSkippingSecureView$1$adapted(CheckAnalysis.scala:1083)
	at scala.collection.immutable.Vector.foreach(Vector.scala:2125)
	at org.apache.spark.sql.catalyst.analysis.CheckAnalysis.traverse$1(CheckAnalysis.scala:1083)
	at org.apache.spark.sql.catalyst.analysis.CheckAnalysis.foreachUpSkippingSecureView(CheckAnalysis.scala:1086)
	at org.apache.spark.sql.catalyst.analysis.CheckAnalysis.$anonfun$checkAnalysis0$9(CheckAnalysis.scala:490)
	at org.apache.spark.sql.catalyst.analysis.CheckAnalysis.$anonfun$checkAnalysis0$9$adapted(CheckAnalysis.scala:490)
	at scala.collection.IterableOnceOps.foreach(IterableOnce.scala:619)
	at scala.collection.IterableOnceOps.foreach$(IterableOnce.scala:617)
	at scala.collection.AbstractIterable.foreach(Iterable.scala:935)
	at org.apache.spark.sql.catalyst.analysis.CheckAnalysis.$anonfun$checkAnalysis0$2(CheckAnalysis.scala:490)
	at org.apache.spark.sql.catalyst.analysis.CheckAnalysis.$anonfun$checkAnalysis0$2$adapted(CheckAnalysis.scala:324)
	at org.apache.spark.sql.catalyst.trees.TreeNode.foreachUp(TreeNode.scala:325)
	at org.apache.spark.sql.catalyst.trees.TreeNode.$anonfun$foreachUp$1(TreeNode.scala:324)
	at org.apache.spark.sql.catalyst.trees.TreeNode.$anonfun$foreachUp$1$adapted(TreeNode.scala:324)
	at scala.collection.immutable.Vector.foreach(Vector.scala:2125)
	at org.apache.spark.sql.catalyst.trees.TreeNode.foreachUp(TreeNode.scala:324)
	at org.apache.spark.sql.catalyst.trees.TreeNode.$anonfun$foreachUp$1(TreeNode.scala:324)
	at org.apache.spark.sql.catalyst.trees.TreeNode.$anonfun$foreachUp$1$adapted(TreeNode.scala:324)
	at scala.collection.immutable.Vector.foreach(Vector.scala:2125)
	at org.apache.spark.sql.catalyst.trees.TreeNode.foreachUp(TreeNode.scala:324)
	at org.apache.spark.sql.catalyst.analysis.CheckAnalysis.checkAnalysis0(CheckAnalysis.scala:324)
	at org.apache.spark.sql.catalyst.analysis.CheckAnalysis.checkAnalysis0$(CheckAnalysis.scala:295)
	at org.apache.spark.sql.catalyst.analysis.Analyzer.checkAnalysis0(Analyzer.scala:563)
	at org.apache.spark.sql.catalyst.analysis.CheckAnalysis.$anonfun$checkAnalysis$1(CheckAnalysis.scala:280)
	at scala.runtime.java8.JFunction0$mcV$sp.apply(JFunction0$mcV$sp.scala:18)
	at com.databricks.spark.util.FrameProfiler$.$anonfun$record$1(FrameProfiler.scala:114)
	at com.databricks.spark.util.FrameProfilerExporter$.maybeExportFrameProfiler(FrameProfilerExporter.scala:203)
	at com.databricks.spark.util.FrameProfiler$.record(FrameProfiler.scala:105)
	at org.apache.spark.sql.catalyst.analysis.CheckAnalysis.checkAnalysis(CheckAnalysis.scala:267)
	at org.apache.spark.sql.catalyst.analysis.CheckAnalysis.checkAnalysis$(CheckAnalysis.scala:263)
	at org.apache.spark.sql.catalyst.analysis.Analyzer.checkAnalysis(Analyzer.scala:563)
	at org.apache.spark.sql.catalyst.analysis.resolver.HybridAnalyzer.$anonfun$resolveInFixedPoint$1(HybridAnalyzer.scala:414)
	at scala.runtime.java8.JFunction0$mcV$sp.apply(JFunction0$mcV$sp.scala:18)
	at org.apache.spark.sql.catalyst.QueryPlanningTracker$.withTracker(QueryPlanningTracker.scala:266)
	at org.apache.spark.sql.catalyst.analysis.resolver.HybridAnalyzer.resolveInFixedPoint(HybridAnalyzer.scala:414)
	at org.apache.spark.sql.catalyst.analysis.resolver.HybridAnalyzer.$anonfun$apply$1(HybridAnalyzer.scala:97)
	at org.apache.spark.sql.catalyst.analysis.resolver.HybridAnalyzer.withTrackedAnalyzerBridgeState(HybridAnalyzer.scala:134)
	at org.apache.spark.sql.catalyst.analysis.resolver.HybridAnalyzer.apply(HybridAnalyzer.scala:90)
	at org.apache.spark.sql.catalyst.analysis.Analyzer.$anonfun$executeAndCheck$2(Analyzer.scala:623)
	at org.apache.spark.sql.catalyst.plans.logical.AnalysisHelper$.markInAnalyzer(AnalysisHelper.scala:425)
	at org.apache.spark.sql.catalyst.analysis.Analyzer.$anonfun$executeAndCheck$1(Analyzer.scala:623)
	at com.databricks.sql.unity.SAMSnapshotHelper$.visitPlansDuringAnalysis(SAMSnapshotHelper.scala:40)
	at org.apache.spark.sql.catalyst.analysis.Analyzer.executeAndCheck(Analyzer.scala:612)
	at org.apache.spark.sql.execution.QueryExecution.$anonfun$lazyAnalyzed$3(QueryExecution.scala:484)
	at com.databricks.spark.util.FrameProfiler$.$anonfun$record$1(FrameProfiler.scala:114)
	at com.databricks.spark.util.FrameProfilerExporter$.maybeExportFrameProfiler(FrameProfilerExporter.scala:203)
	at com.databricks.spark.util.FrameProfiler$.record(FrameProfiler.scala:105)
	at org.apache.spark.sql.catalyst.QueryPlanningTracker.measurePhase(QueryPlanningTracker.scala:806)
	at org.apache.spark.sql.execution.QueryExecution.$anonfun$executePhase$8(QueryExecution.scala:1012)
	at org.apache.spark.sql.execution.SQLExecution$.$anonfun$withExecutionPhase$1(SQLExecution.scala:169)
	at com.databricks.util.TracingSpanUtils$.withTracing(TracingSpanUtils.scala:250)
	at com.databricks.spark.util.DatabricksTracingHelper.withSpan(DatabricksSparkTracingHelper.scala:154)
	at com.databricks.spark.util.DBRTracing$.withSpan(DBRTracing.scala:87)
	at org.apache.spark.sql.execution.SQLExecution$.withExecutionPhase(SQLExecution.scala:150)
	at org.apache.spark.sql.execution.QueryExecution.$anonfun$executePhase$7(QueryExecution.scala:1012)
	at org.apache.spark.sql.execution.QueryExecution$.withInternalError(QueryExecution.scala:1671)
	at org.apache.spark.sql.execution.QueryExecution.$anonfun$executePhase$5(QueryExecution.scala:1005)
	at com.databricks.util.LexicalThreadLocal$Handle.runWith(LexicalThreadLocal.scala:63)
	at org.apache.spark.sql.execution.QueryExecution.$anonfun$executePhase$4(QueryExecution.scala:1002)
	at com.databricks.util.LexicalThreadLocal$Handle.runWith(LexicalThreadLocal.scala:63)
	at org.apache.spark.sql.execution.QueryExecution.$anonfun$executePhase$3(QueryExecution.scala:1002)
	at com.databricks.util.LexicalThreadLocal$Handle.runWith(LexicalThreadLocal.scala:63)
	at org.apache.spark.sql.execution.QueryExecution.$anonfun$executePhase$2(QueryExecution.scala:1001)
	at com.databricks.util.LexicalThreadLocal$Handle.runWith(LexicalThreadLocal.scala:63)
	at org.apache.spark.sql.execution.QueryExecution.withQueryExecutionId(QueryExecution.scala:989)
	at org.apache.spark.sql.execution.QueryExecution.$anonfun$executePhase$1(QueryExecution.scala:1000)
	at org.apache.spark.sql.SparkSession.withActive(SparkSession.scala:860)
	at org.apache.spark.sql.execution.QueryExecution.executePhase(QueryExecution.scala:999)
	at org.apache.spark.sql.execution.QueryExecution.$anonfun$lazyAnalyzed$2(QueryExecution.scala:475)
	at com.databricks.sql.util.MemoryTrackerHelper.withMemoryTracking(MemoryTrackerHelper.scala:111)
	at org.apache.spark.sql.execution.QueryExecution.$anonfun$lazyAnalyzed$1(QueryExecution.scala:474)
	at scala.util.Try$.apply(Try.scala:217)
	at org.apache.spark.util.Utils$.doTryWithCallerStacktrace(Utils.scala:1685)
	at org.apache.spark.util.LazyTry.tryT$lzycompute(LazyTry.scala:60)
	at org.apache.spark.util.LazyTry.tryT(LazyTry.scala:59)
	at org.apache.spark.util.LazyTry.get(LazyTry.scala:75)
	at org.apache.spark.sql.execution.QueryExecution.analyzed(QueryExecution.scala:513)
	at org.apache.spark.sql.execution.QueryExecution.assertAnalyzed(QueryExecution.scala:401)
	at org.apache.spark.sql.classic.Dataset$.$anonfun$ofRows$11(Dataset.scala:243)
	at org.apache.spark.sql.SparkSession.withActive(SparkSession.scala:860)
	at org.apache.spark.sql.classic.SparkSession.$anonfun$withActiveAndFrameProfiler$1(SparkSession.scala:1249)
	at com.databricks.spark.util.FrameProfiler$.$anonfun$record$1(FrameProfiler.scala:114)
	at com.databricks.spark.util.FrameProfilerExporter$.maybeExportFrameProfiler(FrameProfilerExporter.scala:203)
	at com.databricks.spark.util.FrameProfiler$.record(FrameProfiler.scala:105)
	at org.apache.spark.sql.classic.SparkSession.withActiveAndFrameProfiler(SparkSession.scala:1249)
	at org.apache.spark.sql.classic.Dataset$.ofRows(Dataset.scala:238)
	at org.apache.spark.sql.connect.execution.SparkConnectPlanExecution.$anonfun$handlePlan$8(SparkConnectPlanExecution.scala:129)
	at org.apache.spark.sql.connect.utils.TimingUtils$.withTiming(TimingUtils.scala:35)
	at org.apache.spark.sql.connect.execution.SparkConnectPlanExecution.handlePlan(SparkConnectPlanExecution.scala:123)
	at org.apache.spark.sql.connect.execution.ExecuteThreadRunner.handlePlan(ExecuteThreadRunner.scala:378)
	at org.apache.spark.sql.connect.execution.ExecuteThreadRunner.$anonfun$executeInternal$1(ExecuteThreadRunner.scala:284)
	at org.apache.spark.sql.connect.execution.ExecuteThreadRunner.$anonfun$executeInternal$1$adapted(ExecuteThreadRunner.scala:240)
	at org.apache.spark.sql.connect.service.SessionHolder.$anonfun$withSession$2(SessionHolder.scala:633)
	at org.apache.spark.util.Utils$.getTryWithCallerStacktrace(Utils.scala:1746)
	at org.apache.spark.util.LazyTry.get(LazyTry.scala:75)
	at org.apache.spark.sql.execution.QueryExecution.executedPlan(QueryExecution.scala:919)
	at com.databricks.spark.sqlgateway.history.SqlExecutionMetrics.$anonfun$setQueryExecution$2(SqlExecutionMetrics.scala:199)
	at scala.Option.map(Option.scala:242)
	at com.databricks.spark.sqlgateway.history.SqlExecutionMetrics.$anonfun$setQueryExecution$1(SqlExecutionMetrics.scala:199)
	at scala.util.Try$.apply(Try.scala:217)
	at com.databricks.spark.sqlgateway.history.SqlExecutionMetrics.setQueryExecution(SqlExecutionMetrics.scala:199)
	at com.databricks.spark.sqlgateway.history.SqlGatewayHistorySparkListener.$anonfun$onSqlStart$1(SqlGatewayHistorySparkListener.scala:870)
	at com.databricks.spark.util.FrameProfiler$.$anonfun$record$1(FrameProfiler.scala:114)
	at com.databricks.spark.util.FrameProfilerExporter$.maybeExportFrameProfiler(FrameProfilerExporter.scala:203)
	at com.databricks.spark.util.FrameProfiler$.record(FrameProfiler.scala:105)
	at com.databricks.spark.sqlgateway.history.SqlGatewayHistorySparkListener.com$databricks$spark$sqlgateway$history$SqlGatewayHistorySparkListener$$onSqlStart(SqlGatewayHistorySparkListener.scala:814)
	at com.databricks.spark.sqlgateway.history.SqlGatewayHistorySparkListener$$anonfun$onOtherEventDefault$1.applyOrElse(SqlGatewayHistorySparkListener.scala:234)
	at com.databricks.spark.sqlgateway.history.SqlGatewayHistorySparkListener$$anonfun$onOtherEventDefault$1.applyOrElse(SqlGatewayHistorySparkListener.scala:222)
	at scala.runtime.AbstractPartialFunction.apply(AbstractPartialFunction.scala:35)
	at com.databricks.spark.sqlgateway.history.utils.ScriptStatementHelper$$anonfun$onOtherEvent$1.applyOrElse(ScriptStatementHelper.scala:28)
	at com.databricks.spark.sqlgateway.history.utils.ScriptStatementHelper$$anonfun$onOtherEvent$1.applyOrElse(ScriptStatementHelper.scala:28)
	at scala.PartialFunction$OrElse.applyOrElse(PartialFunction.scala:270)
	at com.databricks.spark.sqlgateway.history.SqlGatewayHistorySparkListener.$anonfun$onOtherEvent$1(SqlGatewayHistorySparkListener.scala:200)
	at scala.runtime.java8.JFunction0$mcV$sp.apply(JFunction0$mcV$sp.scala:18)
	at com.databricks.spark.util.FrameProfiler$.$anonfun$record$1(FrameProfiler.scala:114)
	at com.databricks.spark.util.FrameProfilerExporter$.maybeExportFrameProfiler(FrameProfilerExporter.scala:203)
	at com.databricks.spark.util.FrameProfiler$.record(FrameProfiler.scala:105)
	at com.databricks.spark.sqlgateway.history.SqlGatewayHistorySparkListener.onOtherEvent(SqlGatewayHistorySparkListener.scala:200)
	at org.apache.spark.scheduler.SparkListenerBus.doPostEvent(SparkListenerBus.scala:108)
	at org.apache.spark.scheduler.SparkListenerBus.doPostEvent$(SparkListenerBus.scala:28)
	at org.apache.spark.scheduler.AsyncEventQueue.doPostEvent(AsyncEventQueue.scala:46)
	at org.apache.spark.scheduler.AsyncEventQueue.doPostEvent(AsyncEventQueue.scala:46)
	at org.apache.spark.util.ListenerBus.postToAll(ListenerBus.scala:208)
	at org.apache.spark.util.ListenerBus.postToAll$(ListenerBus.scala:172)
	at org.apache.spark.scheduler.AsyncEventQueue.super$postToAll(AsyncEventQueue.scala:183)
	at org.apache.spark.scheduler.AsyncEventQueue.$anonfun$dispatch$1(AsyncEventQueue.scala:183)
	at scala.runtime.java8.JFunction0$mcJ$sp.apply(JFunction0$mcJ$sp.scala:17)
	at scala.util.DynamicVariable.withValue(DynamicVariable.scala:59)
	at org.apache.spark.scheduler.AsyncEventQueue.org$apache$spark$scheduler$AsyncEventQueue$$dispatch(AsyncEventQueue.scala:119)
	at org.apache.spark.scheduler.AsyncEventQueue$$anon$2.$anonfun$run$1(AsyncEventQueue.scala:115)
	at org.apache.spark.util.Utils$.tryOrStopSparkContext(Utils.scala:1573)
	at org.apache.spark.scheduler.AsyncEventQueue$$anon$2.run(AsyncEventQueue.scala:115)
