2026-02-02 06:39:36 - root - INFO - ✓ Logging to file: /Workspace/Users/ajmalkhan88083@gmail.com/end_to_end_data_engineering/Logs/etl_pipeline_20260202_063936.log
2026-02-02 06:39:36 - __main__ - INFO - Starting Problem 2: Daily Revenue Change Over Time?
2026-02-02 06:39:36 - __main__ - INFO - Step 1: Extracting data...
2026-02-02 06:39:36 - __main__ - INFO - Starting data extraction...
2026-02-02 06:39:36 - __main__ - INFO -   Reading customer.csv...
2026-02-02 06:39:38 - __main__ - INFO - Loaded 6000000 customer records
2026-02-02 06:39:38 - __main__ - INFO -   Reading orders.csv...
2026-02-02 06:39:39 - __main__ - INFO - Loaded 10000000 Order records
2026-02-02 06:39:39 - __main__ - INFO -   Reading order_items.csv...
2026-02-02 06:39:43 - __main__ - INFO - Loaded 30000000 order_items records
2026-02-02 06:39:43 - __main__ - INFO -   Reading product.csv...
2026-02-02 06:39:44 - __main__ - INFO - Loaded 150000 product records
2026-02-02 06:40:11 - __main__ - INFO - Extraction successful
2026-02-02 06:40:11 - __main__ - INFO - Step 2: Transforming data...
2026-02-02 06:40:12 - __main__ - INFO -  Transformation successful. Rows: 365
2026-02-02 06:40:13 - __main__ - INFO - Step 3: Loading data to sink...
2026-02-02 06:40:13 - __main__ - INFO - Loading Daily Revenue Trend data to DBFS...
2026-02-02 06:40:13 - __main__ - INFO -   Total rows to load: 365
2026-02-02 06:40:23 - __main__ - INFO -  Successfully loaded 365 rows to DBFS...
2026-02-02 06:40:23 - __main__ - INFO -  Loading successful
2026-02-02 06:40:23 - __main__ - INFO - Problem 2 COMPLETED

