2026-02-21 06:14:15 - root - INFO - ✓ Logging to file: /Workspace/Users/ajmalkhan88083@gmail.com/end_to_end_data_engineering/Logs/etl_pipeline_20260221_061415.log
2026-02-21 06:14:15 - __main__ - INFO - Starting Problem 5: What percentage of orders are delivered vs cancelled?
2026-02-21 06:14:15 - __main__ - INFO - Step 1: Extracting data...
2026-02-21 06:14:15 - __main__ - INFO - Starting data extraction...
2026-02-21 06:14:15 - __main__ - INFO -   Reading customer.csv...
2026-02-21 06:14:17 - __main__ - INFO - Loaded 6000000 customer records
2026-02-21 06:14:17 - __main__ - INFO -   Reading orders.csv...
2026-02-21 06:14:19 - __main__ - INFO - Loaded 10000000 Order records
2026-02-21 06:14:19 - __main__ - INFO -   Reading order_items.csv...
2026-02-21 06:14:24 - __main__ - INFO - Loaded 30000000 order_items records
2026-02-21 06:14:24 - __main__ - INFO -   Reading product.csv...
2026-02-21 06:14:25 - __main__ - INFO - Loaded 150000 product records
2026-02-21 06:14:55 - __main__ - INFO - Extraction successful
2026-02-21 06:14:55 - __main__ - INFO - Step 2: Transforming data...
2026-02-21 06:14:58 - __main__ - INFO - Transformation successful. Rows: 730
2026-02-21 06:15:00 - __main__ - INFO - Step 3: Loading data to sink...
2026-02-21 06:15:00 - __main__ - INFO - "Loading repeatvsOneTimeCustomers data to DBFS..."
2026-02-21 06:15:00 - __main__ - INFO -   Total rows to load: 730
2026-02-21 06:15:04 - __main__ - INFO - f" Successfully loaded {row_count} rows to DBFS..."
2026-02-21 06:15:04 - __main__ - INFO - Loading successful
2026-02-21 06:15:04 - __main__ - INFO - Problem 4 COMPLETED

