2026-02-02 06:21:54 - root - INFO - ✓ Logging to file: /Workspace/Users/ajmalkhan88083@gmail.com/end_to_end_data_engineering/Logs/etl_pipeline_20260202_062154.log
2026-02-02 06:21:54 - __main__ - INFO - Starting data extraction...
2026-02-02 06:21:54 - __main__ - INFO -   Reading customer.csv...
2026-02-02 06:21:55 - __main__ - INFO - Loaded 6000000 customer records
2026-02-02 06:21:55 - __main__ - INFO -   Reading orders.csv...
2026-02-02 06:21:57 - __main__ - INFO - Loaded 10000000 Order records
2026-02-02 06:21:57 - __main__ - INFO -   Reading order_items.csv...
2026-02-02 06:22:01 - __main__ - INFO - Loaded 30000000 order_items records
2026-02-02 06:22:01 - __main__ - INFO -   Reading product.csv...
2026-02-02 06:22:01 - __main__ - INFO - Loaded 150000 product records
2026-02-02 06:27:12 - __main__ - INFO - Starting data extraction...
2026-02-02 06:27:12 - __main__ - INFO -   Reading customer.csv...
2026-02-02 06:27:14 - __main__ - INFO - Loaded 6000000 customer records
2026-02-02 06:27:14 - __main__ - INFO -   Reading orders.csv...
2026-02-02 06:27:16 - __main__ - INFO - Loaded 10000000 Order records
2026-02-02 06:27:16 - __main__ - INFO -   Reading order_items.csv...
2026-02-02 06:27:20 - __main__ - INFO - Loaded 30000000 order_items records
2026-02-02 06:27:20 - __main__ - INFO -   Reading product.csv...
2026-02-02 06:27:21 - __main__ - INFO - Loaded 150000 product records
2026-02-02 06:35:42 - __main__ - INFO - Starting data extraction...
2026-02-02 06:35:42 - __main__ - INFO -   Reading customer.csv...
2026-02-02 06:35:44 - __main__ - INFO - Loaded 6000000 customer records
2026-02-02 06:35:44 - __main__ - INFO -   Reading orders.csv...
2026-02-02 06:35:46 - __main__ - INFO - Loaded 10000000 Order records
2026-02-02 06:35:46 - __main__ - INFO -   Reading order_items.csv...
2026-02-02 06:35:50 - __main__ - INFO - Loaded 30000000 order_items records
2026-02-02 06:35:50 - __main__ - INFO -   Reading product.csv...
2026-02-02 06:35:50 - __main__ - INFO - Loaded 150000 product records
