2026-02-16 06:11:55 - root - INFO - ✓ Logging to file: /Workspace/Users/ajmalkhan88083@gmail.com/end_to_end_data_engineering/Logs/etl_pipeline_20260216_061155.log
2026-02-16 06:11:55 - __main__ - INFO - Starting Problem 4: How many customers are repeat buyers vs one-time buyers?
2026-02-16 06:11:55 - __main__ - INFO - Step 1: Extracting data...
2026-02-16 06:11:55 - __main__ - INFO - Starting data extraction...
2026-02-16 06:11:55 - __main__ - INFO -   Reading customer.csv...
2026-02-16 06:11:57 - __main__ - INFO - Loaded 6000000 customer records
2026-02-16 06:11:57 - __main__ - INFO -   Reading orders.csv...
2026-02-16 06:12:00 - __main__ - INFO - Loaded 10000000 Order records
2026-02-16 06:12:00 - __main__ - INFO -   Reading order_items.csv...
2026-02-16 06:12:04 - __main__ - INFO - Loaded 30000000 order_items records
2026-02-16 06:12:04 - __main__ - INFO -   Reading product.csv...
2026-02-16 06:12:05 - __main__ - INFO - Loaded 150000 product records
2026-02-16 06:12:35 - __main__ - INFO -  Extraction successful
2026-02-16 06:12:35 - __main__ - INFO - Step 2: Transforming data...
2026-02-16 06:12:36 - __main__ - INFO - Transformation successful. Rows: 2
2026-02-16 06:12:37 - __main__ - INFO - Step 3: Loading data to sink...
2026-02-16 06:12:37 - __main__ - INFO - Loading repeatvsOneTimeCustomers data to DBFS...
2026-02-16 06:12:38 - __main__ - INFO -   Total rows to load: 2
2026-02-16 06:12:42 - __main__ - INFO -  Successfully loaded 2 rows to DBFS...
2026-02-16 06:12:42 - __main__ - INFO -  Loading successful
2026-02-16 06:12:42 - __main__ - INFO - ✓ Problem 3 COMPLETED

