2026-02-09 06:35:29 - root - INFO - ✓ Logging to file: /Workspace/Users/ajmalkhan88083@gmail.com/end_to_end_data_engineering/Logs/etl_pipeline_20260209_063529.log
2026-02-09 06:35:29 - __main__ - INFO - Starting Problem 4: How many customers are repeat buyers vs one-time buyers?
2026-02-09 06:35:29 - __main__ - INFO - Step 1: Extracting data...
2026-02-09 06:35:29 - __main__ - INFO - Starting data extraction...
2026-02-09 06:35:29 - __main__ - INFO -   Reading customer.csv...
2026-02-09 06:35:30 - __main__ - INFO - Loaded 6000000 customer records
2026-02-09 06:35:30 - __main__ - INFO -   Reading orders.csv...
2026-02-09 06:35:32 - __main__ - INFO - Loaded 10000000 Order records
2026-02-09 06:35:32 - __main__ - INFO -   Reading order_items.csv...
2026-02-09 06:35:36 - __main__ - INFO - Loaded 30000000 order_items records
2026-02-09 06:35:36 - __main__ - INFO -   Reading product.csv...
2026-02-09 06:35:37 - __main__ - INFO - Loaded 150000 product records
2026-02-09 06:36:05 - __main__ - INFO -  Extraction successful
2026-02-09 06:36:05 - __main__ - INFO - Step 2: Transforming data...
2026-02-09 06:36:05 - __main__ - ERROR -  Problem 4 FAILED
2026-02-09 06:36:05 - __main__ - ERROR - Error: [UNRESOLVED_COLUMN.WITH_SUGGESTION] A column, variable, or function parameter with name `One_time_buyers` cannot be resolved. Did you mean one of the following? [`Order_count`, `c`.`customer_id`]. SQLSTATE: 42703;
'Aggregate [unresolvedalias(count(1))]
+- 'Project [customer_id#20695L, 'One_time_buyers]
   +- Filter (Order_count#20664L = cast(1 as bigint))
      +- Project [customer_id#20695L, Order_count#20664L]
         +- Aggregate [customer_id#20695L], [customer_id#20695L, count(distinct order_id#20676) AS Order_count#20664L]
            +- Join Inner, (customer_id#20677L = customer_id#20695L)
               :- SubqueryAlias o
               :  +- SubqueryAlias workspace.silver.order_silver
               :     +- Relation workspace.silver.order_silver[order_id#20676,customer_id#20677L,order_date#20678,order_ts#20679,city#20680,state#20681,payment_method#20682,order_status#20683,total_amount#20684,is_valid_record#20685] parquet
               +- SubqueryAlias c
                  +- SubqueryAlias workspace.silver.customer_silver
                     +- Relation workspace.silver.customer_silver[customer_id#20695L,gender#20696,first_name#20697,last_name#20698,full_name#20699,age#20700,city#20701,signup_date#20702,is_valid_record#20703] parquet


JVM stacktrace:
org.apache.spark.sql.catalyst.ExtendedAnalysisException
	at org.apache.spark.sql.errors.QueryCompilationErrors$.unresolvedAttributeError(QueryCompilationErrors.scala:681)
	at org.apache.spark.sql.catalyst.analysis.CheckAnalysis.org$apache$spark$sql$catalyst$analysis$CheckAnalysis$$failUnresolvedAttribute(CheckAnalysis.scala:192)
	at org.apache.spark.sql.catalyst.analysis.CheckAnalysis.$anonfun$checkAnalysis0$10(CheckAnalysis.scala:499)
	at org.apache.spark.sql.catalyst.analysis.CheckAnalysis.$anonfun$checkAnalysis0$10$adapted(CheckAnalysis.scala:484)
	at org.apache.spark.sql.catalyst.analysis.CheckAnalysis.traverse$1(CheckAnalysis.scala:1078)
	at org.apache.spark.sql.catalyst.analysis.CheckAnalysis.foreachUpSkippingSecureView(CheckAnalysis.scala:1080)
	at org.apache.spark.sql.catalyst.analysis.CheckAnalysis.$anonfun$checkAnalysis0$9(CheckAnalysis.scala:484)
	at org.apache.spark.sql.catalyst.analysis.CheckAnalysis.$anonfun$checkAnalysis0$9$adapted(CheckAnalysis.scala:484)
	at scala.collection.IterableOnceOps.foreach(IterableOnce.scala:619)
	at scala.collection.IterableOnceOps.foreach$(IterableOnce.scala:617)
	at scala.collection.AbstractIterable.foreach(Iterable.scala:935)
	at org.apache.spark.sql.catalyst.analysis.CheckAnalysis.$anonfun$checkAnalysis0$2(CheckAnalysis.scala:484)
	at org.apache.spark.sql.catalyst.analysis.CheckAnalysis.$anonfun$checkAnalysis0$2$adapted(CheckAnalysis.scala:324)
	at org.apache.spark.sql.catalyst.trees.TreeNode.foreachUp(TreeNode.scala:325)
	at org.apache.spark.sql.catalyst.trees.TreeNode.$anonfun$foreachUp$1(TreeNode.scala:324)
	at org.apache.spark.sql.catalyst.trees.TreeNode.$anonfun$foreachUp$1$adapted(TreeNode.scala:324)
	at scala.collection.immutable.Vector.foreach(Vector.scala:2125)
	at org.apache.spark.sql.catalyst.trees.TreeNode.foreachUp(TreeNode.scala:324)
	at org.apache.spark.sql.catalyst.analysis.CheckAnalysis.checkAnalysis0(CheckAnalysis.scala:324)
	at org.apache.spark.sql.catalyst.analysis.CheckAnalysis.checkAnalysis0$(CheckAnalysis.scala:295)
	at org.apache.spark.sql.catalyst.analysis.Analyzer.checkAnalysis0(Analyzer.scala:557)
	at org.apache.spark.sql.catalyst.analysis.CheckAnalysis.$anonfun$checkAnalysis$1(CheckAnalysis.scala:280)
	at scala.runtime.java8.JFunction0$mcV$sp.apply(JFunction0$mcV$sp.scala:18)
	at com.databricks.spark.util.FrameProfiler$.$anonfun$record$1(FrameProfiler.scala:114)
	at com.databricks.spark.util.FrameProfilerExporter$.maybeExportFrameProfiler(FrameProfilerExporter.scala:200)
	at com.databricks.spark.util.FrameProfiler$.record(FrameProfiler.scala:105)
	at org.apache.spark.sql.catalyst.analysis.CheckAnalysis.checkAnalysis(CheckAnalysis.scala:267)
	at org.apache.spark.sql.catalyst.analysis.CheckAnalysis.checkAnalysis$(CheckAnalysis.scala:263)
	at org.apache.spark.sql.catalyst.analysis.Analyzer.checkAnalysis(Analyzer.scala:557)
	at org.apache.spark.sql.catalyst.analysis.resolver.HybridAnalyzer.$anonfun$resolveInFixedPoint$1(HybridAnalyzer.scala:420)
	at scala.runtime.java8.JFunction0$mcV$sp.apply(JFunction0$mcV$sp.scala:18)
	at org.apache.spark.sql.catalyst.QueryPlanningTracker$.withTracker(QueryPlanningTracker.scala:265)
	at org.apache.spark.sql.catalyst.analysis.resolver.HybridAnalyzer.resolveInFixedPoint(HybridAnalyzer.scala:420)
	at org.apache.spark.sql.catalyst.analysis.resolver.HybridAnalyzer.$anonfun$apply$1(HybridAnalyzer.scala:99)
	at org.apache.spark.sql.catalyst.analysis.resolver.HybridAnalyzer.withTrackedAnalyzerBridgeState(HybridAnalyzer.scala:136)
	at org.apache.spark.sql.catalyst.analysis.resolver.HybridAnalyzer.apply(HybridAnalyzer.scala:92)
	at org.apache.spark.sql.catalyst.analysis.Analyzer.$anonfun$executeAndCheck$2(Analyzer.scala:617)
	at org.apache.spark.sql.catalyst.plans.logical.AnalysisHelper$.markInAnalyzer(AnalysisHelper.scala:425)
	at org.apache.spark.sql.catalyst.analysis.Analyzer.$anonfun$executeAndCheck$1(Analyzer.scala:617)
	at com.databricks.sql.unity.SAMSnapshotHelper$.visitPlansDuringAnalysis(SAMSnapshotHelper.scala:41)
	at org.apache.spark.sql.catalyst.analysis.Analyzer.executeAndCheck(Analyzer.scala:606)
	at org.apache.spark.sql.execution.QueryExecution.$anonfun$lazyAnalyzed$3(QueryExecution.scala:439)
	at com.databricks.spark.util.FrameProfiler$.$anonfun$record$1(FrameProfiler.scala:114)
	at com.databricks.spark.util.FrameProfilerExporter$.maybeExportFrameProfiler(FrameProfilerExporter.scala:200)
	at com.databricks.spark.util.FrameProfiler$.record(FrameProfiler.scala:105)
	at org.apache.spark.sql.catalyst.QueryPlanningTracker.measurePhase(QueryPlanningTracker.scala:721)
	at org.apache.spark.sql.execution.QueryExecution.$anonfun$executePhase$8(QueryExecution.scala:961)
	at org.apache.spark.sql.execution.SQLExecution$.$anonfun$withExecutionPhase$1(SQLExecution.scala:161)
	at com.databricks.logging.AttributionContext$.$anonfun$withValue$1(AttributionContext.scala:348)
	at scala.util.DynamicVariable.withValue(DynamicVariable.scala:59)
	at com.databricks.logging.AttributionContext$.withValue(AttributionContext.scala:344)
	at com.databricks.util.TracingSpanUtils$.$anonfun$withTracing$4(TracingSpanUtils.scala:235)
	at com.databricks.util.TracingSpanUtils$.withTracing(TracingSpanUtils.scala:129)
	at com.databricks.util.TracingSpanUtils$.withTracing(TracingSpanUtils.scala:233)
	at com.databricks.tracing.TracingUtils$.withTracing(TracingUtils.scala:296)
	at com.databricks.spark.util.DatabricksTracingHelper.withSpan(DatabricksSparkTracingHelper.scala:112)
	at com.databricks.spark.util.DBRTracing$.withSpan(DBRTracing.scala:47)
	at org.apache.spark.sql.execution.SQLExecution$.withExecutionPhase(SQLExecution.scala:142)
	at org.apache.spark.sql.execution.QueryExecution.$anonfun$executePhase$7(QueryExecution.scala:961)
	at org.apache.spark.sql.execution.QueryExecution$.withInternalError(QueryExecution.scala:1620)
	at org.apache.spark.sql.execution.QueryExecution.$anonfun$executePhase$5(QueryExecution.scala:954)
	at com.databricks.util.LexicalThreadLocal$Handle.runWith(LexicalThreadLocal.scala:63)
	at org.apache.spark.sql.execution.QueryExecution.$anonfun$executePhase$4(QueryExecution.scala:951)
	at com.databricks.util.LexicalThreadLocal$Handle.runWith(LexicalThreadLocal.scala:63)
	at org.apache.spark.sql.execution.QueryExecution.$anonfun$executePhase$3(QueryExecution.scala:951)
	at com.databricks.util.LexicalThreadLocal$Handle.runWith(LexicalThreadLocal.scala:63)
	at org.apache.spark.sql.execution.QueryExecution.$anonfun$executePhase$2(QueryExecution.scala:950)
	at com.databricks.util.LexicalThreadLocal$Handle.runWith(LexicalThreadLocal.scala:63)
	at org.apache.spark.sql.execution.QueryExecution.withQueryExecutionId(QueryExecution.scala:938)
	at org.apache.spark.sql.execution.QueryExecution.$anonfun$executePhase$1(QueryExecution.scala:949)
	at org.apache.spark.sql.SparkSession.withActive(SparkSession.scala:860)
	at org.apache.spark.sql.execution.QueryExecution.executePhase(QueryExecution.scala:948)
	at org.apache.spark.sql.execution.QueryExecution.$anonfun$lazyAnalyzed$2(QueryExecution.scala:421)
	at com.databricks.sql.util.MemoryTrackerHelper.withMemoryTracking(MemoryTrackerHelper.scala:111)
	at org.apache.spark.sql.execution.QueryExecution.$anonfun$lazyAnalyzed$1(QueryExecution.scala:420)
	at scala.util.Try$.apply(Try.scala:217)
	at org.apache.spark.util.Utils$.doTryWithCallerStacktrace(Utils.scala:1684)
	at org.apache.spark.util.LazyTry.tryT$lzycompute(LazyTry.scala:60)
	at org.apache.spark.util.LazyTry.tryT(LazyTry.scala:59)
	at org.apache.spark.util.LazyTry.get(LazyTry.scala:75)
	at org.apache.spark.sql.execution.QueryExecution.analyzed(QueryExecution.scala:481)
	at org.apache.spark.sql.execution.QueryExecution.assertAnalyzed(QueryExecution.scala:394)
	at org.apache.spark.sql.classic.Dataset$.$anonfun$ofRows$11(Dataset.scala:243)
	at org.apache.spark.sql.SparkSession.withActive(SparkSession.scala:860)
	at org.apache.spark.sql.classic.SparkSession.$anonfun$withActiveAndFrameProfiler$1(SparkSession.scala:1127)
	at com.databricks.spark.util.FrameProfiler$.$anonfun$record$1(FrameProfiler.scala:114)
	at com.databricks.spark.util.FrameProfilerExporter$.maybeExportFrameProfiler(FrameProfilerExporter.scala:200)
	at com.databricks.spark.util.FrameProfiler$.record(FrameProfiler.scala:105)
	at org.apache.spark.sql.classic.SparkSession.withActiveAndFrameProfiler(SparkSession.scala:1127)
	at org.apache.spark.sql.classic.Dataset$.ofRows(Dataset.scala:238)
	at org.apache.spark.sql.connect.execution.SparkConnectPlanExecution.handlePlan(SparkConnectPlanExecution.scala:115)
	at org.apache.spark.sql.connect.execution.ExecuteThreadRunner.handlePlan(ExecuteThreadRunner.scala:385)
	at org.apache.spark.sql.connect.execution.ExecuteThreadRunner.$anonfun$executeInternal$1(ExecuteThreadRunner.scala:291)
	at org.apache.spark.sql.connect.execution.ExecuteThreadRunner.$anonfun$executeInternal$1$adapted(ExecuteThreadRunner.scala:247)
	at org.apache.spark.sql.connect.service.SessionHolder.$anonfun$withSession$2(SessionHolder.scala:536)
	at org.apache.spark.sql.SparkSession.withActive(SparkSession.scala:860)
	at org.apache.spark.sql.connect.service.SessionHolder.$anonfun$withSession$1(SessionHolder.scala:536)
	at org.apache.spark.util.Utils$.getTryWithCallerStacktrace(Utils.scala:1745)
	at org.apache.spark.util.LazyTry.get(LazyTry.scala:75)
	at org.apache.spark.sql.execution.QueryExecution.executedPlan(QueryExecution.scala:873)
	at com.databricks.spark.sqlgateway.history.SqlExecutionMetrics.$anonfun$setQueryExecution$2(SqlExecutionMetrics.scala:199)
	at scala.Option.map(Option.scala:242)
	at com.databricks.spark.sqlgateway.history.SqlExecutionMetrics.$anonfun$setQueryExecution$1(SqlExecutionMetrics.scala:199)
	at scala.util.Try$.apply(Try.scala:217)
	at com.databricks.spark.sqlgateway.history.SqlExecutionMetrics.setQueryExecution(SqlExecutionMetrics.scala:199)
	at com.databricks.spark.sqlgateway.history.SqlGatewayHistorySparkListener.$anonfun$onSqlStart$1(SqlGatewayHistorySparkListener.scala:870)
	at com.databricks.spark.util.FrameProfiler$.$anonfun$record$1(FrameProfiler.scala:114)
	at com.databricks.spark.util.FrameProfilerExporter$.maybeExportFrameProfiler(FrameProfilerExporter.scala:200)
	at com.databricks.spark.util.FrameProfiler$.record(FrameProfiler.scala:105)
	at com.databricks.spark.sqlgateway.history.SqlGatewayHistorySparkListener.com$databricks$spark$sqlgateway$history$SqlGatewayHistorySparkListener$$onSqlStart(SqlGatewayHistorySparkListener.scala:814)
	at com.databricks.spark.sqlgateway.history.SqlGatewayHistorySparkListener$$anonfun$onOtherEventDefault$1.applyOrElse(SqlGatewayHistorySparkListener.scala:234)
	at com.databricks.spark.sqlgateway.history.SqlGatewayHistorySparkListener$$anonfun$onOtherEventDefault$1.applyOrElse(SqlGatewayHistorySparkListener.scala:222)
	at scala.runtime.AbstractPartialFunction.apply(AbstractPartialFunction.scala:35)
	at com.databricks.spark.sqlgateway.history.utils.ScriptStatementHelper$$anonfun$onOtherEvent$1.applyOrElse(ScriptStatementHelper.scala:28)
	at com.databricks.spark.sqlgateway.history.utils.ScriptStatementHelper$$anonfun$onOtherEvent$1.applyOrElse(ScriptStatementHelper.scala:28)
	at scala.PartialFunction$OrElse.applyOrElse(PartialFunction.scala:270)
	at com.databricks.spark.sqlgateway.history.SqlGatewayHistorySparkListener.$anonfun$onOtherEvent$1(SqlGatewayHistorySparkListener.scala:200)
	at scala.runtime.java8.JFunction0$mcV$sp.apply(JFunction0$mcV$sp.scala:18)
	at com.databricks.spark.util.FrameProfiler$.$anonfun$record$1(FrameProfiler.scala:114)
	at com.databricks.spark.util.FrameProfilerExporter$.maybeExportFrameProfiler(FrameProfilerExporter.scala:200)
	at com.databricks.spark.util.FrameProfiler$.record(FrameProfiler.scala:105)
	at com.databricks.spark.sqlgateway.history.SqlGatewayHistorySparkListener.onOtherEvent(SqlGatewayHistorySparkListener.scala:200)
	at org.apache.spark.scheduler.SparkListenerBus.doPostEvent(SparkListenerBus.scala:108)
	at org.apache.spark.scheduler.SparkListenerBus.doPostEvent$(SparkListenerBus.scala:28)
	at org.apache.spark.scheduler.AsyncEventQueue.doPostEvent(AsyncEventQueue.scala:46)
	at org.apache.spark.scheduler.AsyncEventQueue.doPostEvent(AsyncEventQueue.scala:46)
	at org.apache.spark.util.ListenerBus.postToAll(ListenerBus.scala:208)
	at org.apache.spark.util.ListenerBus.postToAll$(ListenerBus.scala:172)
	at org.apache.spark.scheduler.AsyncEventQueue.super$postToAll(AsyncEventQueue.scala:150)
	at org.apache.spark.scheduler.AsyncEventQueue.$anonfun$dispatch$1(AsyncEventQueue.scala:150)
	at scala.runtime.java8.JFunction0$mcJ$sp.apply(JFunction0$mcJ$sp.scala:17)
	at scala.util.DynamicVariable.withValue(DynamicVariable.scala:59)
	at org.apache.spark.scheduler.AsyncEventQueue.org$apache$spark$scheduler$AsyncEventQueue$$dispatch(AsyncEventQueue.scala:119)
	at org.apache.spark.scheduler.AsyncEventQueue$$anon$2.$anonfun$run$1(AsyncEventQueue.scala:115)
	at org.apache.spark.util.Utils$.tryOrStopSparkContext(Utils.scala:1572)
	at org.apache.spark.scheduler.AsyncEventQueue$$anon$2.run(AsyncEventQueue.scala:115)
Traceback (most recent call last):
  File "/home/spark-fd322e1c-16f0-466a-8635-7b/.ipykernel/2608/command-8264531454665573-288276240", line 24, in runner
    logger.info(f'Transformation successful. Rows: {repeatvsOneTimeCustomersDF.count()}')
                                                    ^^^^^^^^^^^^^^^^^^^^^^^^^^^^^^^^^^
  File "/databricks/python/lib/python3.12/site-packages/pyspark/sql/connect/dataframe.py", line 317, in count
    )._to_table()  # type: ignore[operator]
      ^^^^^^^^^^^
  File "/databricks/python/lib/python3.12/site-packages/pyspark/sql/connect/dataframe.py", line 1890, in _to_table
    table, schema, self._execution_info = self._session.client.to_table(
                                          ^^^^^^^^^^^^^^^^^^^^^^^^^^^^^^
  File "/databricks/python/lib/python3.12/site-packages/pyspark/sql/connect/client/core.py", line 1239, in to_table
    table, schema, metrics, observed_metrics, _ = self._execute_and_fetch(req, observations)
                                                  ^^^^^^^^^^^^^^^^^^^^^^^^^^^^^^^^^^^^^^^^^^
  File "/databricks/python/lib/python3.12/site-packages/pyspark/sql/connect/client/core.py", line 2059, in _execute_and_fetch
    for response in self._execute_and_fetch_as_iterator(
  File "/databricks/python/lib/python3.12/site-packages/pyspark/sql/connect/client/core.py", line 2035, in _execute_and_fetch_as_iterator
    self._handle_error(error)
  File "/databricks/python/lib/python3.12/site-packages/pyspark/sql/connect/client/core.py", line 2355, in _handle_error
    self._handle_rpc_error(error)
  File "/databricks/python/lib/python3.12/site-packages/pyspark/sql/connect/client/core.py", line 2433, in _handle_rpc_error
    raise convert_exception(
pyspark.errors.exceptions.connect.AnalysisException: [UNRESOLVED_COLUMN.WITH_SUGGESTION] A column, variable, or function parameter with name `One_time_buyers` cannot be resolved. Did you mean one of the following? [`Order_count`, `c`.`customer_id`]. SQLSTATE: 42703;
'Aggregate [unresolvedalias(count(1))]
+- 'Project [customer_id#20695L, 'One_time_buyers]
   +- Filter (Order_count#20664L = cast(1 as bigint))
      +- Project [customer_id#20695L, Order_count#20664L]
         +- Aggregate [customer_id#20695L], [customer_id#20695L, count(distinct order_id#20676) AS Order_count#20664L]
            +- Join Inner, (customer_id#20677L = customer_id#20695L)
               :- SubqueryAlias o
               :  +- SubqueryAlias workspace.silver.order_silver
               :     +- Relation workspace.silver.order_silver[order_id#20676,customer_id#20677L,order_date#20678,order_ts#20679,city#20680,state#20681,payment_method#20682,order_status#20683,total_amount#20684,is_valid_record#20685] parquet
               +- SubqueryAlias c
                  +- SubqueryAlias workspace.silver.customer_silver
                     +- Relation workspace.silver.customer_silver[customer_id#20695L,gender#20696,first_name#20697,last_name#20698,full_name#20699,age#20700,city#20701,signup_date#20702,is_valid_record#20703] parquet


JVM stacktrace:
org.apache.spark.sql.catalyst.ExtendedAnalysisException
	at org.apache.spark.sql.errors.QueryCompilationErrors$.unresolvedAttributeError(QueryCompilationErrors.scala:681)
	at org.apache.spark.sql.catalyst.analysis.CheckAnalysis.org$apache$spark$sql$catalyst$analysis$CheckAnalysis$$failUnresolvedAttribute(CheckAnalysis.scala:192)
	at org.apache.spark.sql.catalyst.analysis.CheckAnalysis.$anonfun$checkAnalysis0$10(CheckAnalysis.scala:499)
	at org.apache.spark.sql.catalyst.analysis.CheckAnalysis.$anonfun$checkAnalysis0$10$adapted(CheckAnalysis.scala:484)
	at org.apache.spark.sql.catalyst.analysis.CheckAnalysis.traverse$1(CheckAnalysis.scala:1078)
	at org.apache.spark.sql.catalyst.analysis.CheckAnalysis.foreachUpSkippingSecureView(CheckAnalysis.scala:1080)
	at org.apache.spark.sql.catalyst.analysis.CheckAnalysis.$anonfun$checkAnalysis0$9(CheckAnalysis.scala:484)
	at org.apache.spark.sql.catalyst.analysis.CheckAnalysis.$anonfun$checkAnalysis0$9$adapted(CheckAnalysis.scala:484)
	at scala.collection.IterableOnceOps.foreach(IterableOnce.scala:619)
	at scala.collection.IterableOnceOps.foreach$(IterableOnce.scala:617)
	at scala.collection.AbstractIterable.foreach(Iterable.scala:935)
	at org.apache.spark.sql.catalyst.analysis.CheckAnalysis.$anonfun$checkAnalysis0$2(CheckAnalysis.scala:484)
	at org.apache.spark.sql.catalyst.analysis.CheckAnalysis.$anonfun$checkAnalysis0$2$adapted(CheckAnalysis.scala:324)
	at org.apache.spark.sql.catalyst.trees.TreeNode.foreachUp(TreeNode.scala:325)
	at org.apache.spark.sql.catalyst.trees.TreeNode.$anonfun$foreachUp$1(TreeNode.scala:324)
	at org.apache.spark.sql.catalyst.trees.TreeNode.$anonfun$foreachUp$1$adapted(TreeNode.scala:324)
	at scala.collection.immutable.Vector.foreach(Vector.scala:2125)
	at org.apache.spark.sql.catalyst.trees.TreeNode.foreachUp(TreeNode.scala:324)
	at org.apache.spark.sql.catalyst.analysis.CheckAnalysis.checkAnalysis0(CheckAnalysis.scala:324)
	at org.apache.spark.sql.catalyst.analysis.CheckAnalysis.checkAnalysis0$(CheckAnalysis.scala:295)
	at org.apache.spark.sql.catalyst.analysis.Analyzer.checkAnalysis0(Analyzer.scala:557)
	at org.apache.spark.sql.catalyst.analysis.CheckAnalysis.$anonfun$checkAnalysis$1(CheckAnalysis.scala:280)
	at scala.runtime.java8.JFunction0$mcV$sp.apply(JFunction0$mcV$sp.scala:18)
	at com.databricks.spark.util.FrameProfiler$.$anonfun$record$1(FrameProfiler.scala:114)
	at com.databricks.spark.util.FrameProfilerExporter$.maybeExportFrameProfiler(FrameProfilerExporter.scala:200)
	at com.databricks.spark.util.FrameProfiler$.record(FrameProfiler.scala:105)
	at org.apache.spark.sql.catalyst.analysis.CheckAnalysis.checkAnalysis(CheckAnalysis.scala:267)
	at org.apache.spark.sql.catalyst.analysis.CheckAnalysis.checkAnalysis$(CheckAnalysis.scala:263)
	at org.apache.spark.sql.catalyst.analysis.Analyzer.checkAnalysis(Analyzer.scala:557)
	at org.apache.spark.sql.catalyst.analysis.resolver.HybridAnalyzer.$anonfun$resolveInFixedPoint$1(HybridAnalyzer.scala:420)
	at scala.runtime.java8.JFunction0$mcV$sp.apply(JFunction0$mcV$sp.scala:18)
	at org.apache.spark.sql.catalyst.QueryPlanningTracker$.withTracker(QueryPlanningTracker.scala:265)
	at org.apache.spark.sql.catalyst.analysis.resolver.HybridAnalyzer.resolveInFixedPoint(HybridAnalyzer.scala:420)
	at org.apache.spark.sql.catalyst.analysis.resolver.HybridAnalyzer.$anonfun$apply$1(HybridAnalyzer.scala:99)
	at org.apache.spark.sql.catalyst.analysis.resolver.HybridAnalyzer.withTrackedAnalyzerBridgeState(HybridAnalyzer.scala:136)
	at org.apache.spark.sql.catalyst.analysis.resolver.HybridAnalyzer.apply(HybridAnalyzer.scala:92)
	at org.apache.spark.sql.catalyst.analysis.Analyzer.$anonfun$executeAndCheck$2(Analyzer.scala:617)
	at org.apache.spark.sql.catalyst.plans.logical.AnalysisHelper$.markInAnalyzer(AnalysisHelper.scala:425)
	at org.apache.spark.sql.catalyst.analysis.Analyzer.$anonfun$executeAndCheck$1(Analyzer.scala:617)
	at com.databricks.sql.unity.SAMSnapshotHelper$.visitPlansDuringAnalysis(SAMSnapshotHelper.scala:41)
	at org.apache.spark.sql.catalyst.analysis.Analyzer.executeAndCheck(Analyzer.scala:606)
	at org.apache.spark.sql.execution.QueryExecution.$anonfun$lazyAnalyzed$3(QueryExecution.scala:439)
	at com.databricks.spark.util.FrameProfiler$.$anonfun$record$1(FrameProfiler.scala:114)
	at com.databricks.spark.util.FrameProfilerExporter$.maybeExportFrameProfiler(FrameProfilerExporter.scala:200)
	at com.databricks.spark.util.FrameProfiler$.record(FrameProfiler.scala:105)
	at org.apache.spark.sql.catalyst.QueryPlanningTracker.measurePhase(QueryPlanningTracker.scala:721)
	at org.apache.spark.sql.execution.QueryExecution.$anonfun$executePhase$8(QueryExecution.scala:961)
	at org.apache.spark.sql.execution.SQLExecution$.$anonfun$withExecutionPhase$1(SQLExecution.scala:161)
	at com.databricks.logging.AttributionContext$.$anonfun$withValue$1(AttributionContext.scala:348)
	at scala.util.DynamicVariable.withValue(DynamicVariable.scala:59)
	at com.databricks.logging.AttributionContext$.withValue(AttributionContext.scala:344)
	at com.databricks.util.TracingSpanUtils$.$anonfun$withTracing$4(TracingSpanUtils.scala:235)
	at com.databricks.util.TracingSpanUtils$.withTracing(TracingSpanUtils.scala:129)
	at com.databricks.util.TracingSpanUtils$.withTracing(TracingSpanUtils.scala:233)
	at com.databricks.tracing.TracingUtils$.withTracing(TracingUtils.scala:296)
	at com.databricks.spark.util.DatabricksTracingHelper.withSpan(DatabricksSparkTracingHelper.scala:112)
	at com.databricks.spark.util.DBRTracing$.withSpan(DBRTracing.scala:47)
	at org.apache.spark.sql.execution.SQLExecution$.withExecutionPhase(SQLExecution.scala:142)
	at org.apache.spark.sql.execution.QueryExecution.$anonfun$executePhase$7(QueryExecution.scala:961)
	at org.apache.spark.sql.execution.QueryExecution$.withInternalError(QueryExecution.scala:1620)
	at org.apache.spark.sql.execution.QueryExecution.$anonfun$executePhase$5(QueryExecution.scala:954)
	at com.databricks.util.LexicalThreadLocal$Handle.runWith(LexicalThreadLocal.scala:63)
	at org.apache.spark.sql.execution.QueryExecution.$anonfun$executePhase$4(QueryExecution.scala:951)
	at com.databricks.util.LexicalThreadLocal$Handle.runWith(LexicalThreadLocal.scala:63)
	at org.apache.spark.sql.execution.QueryExecution.$anonfun$executePhase$3(QueryExecution.scala:951)
	at com.databricks.util.LexicalThreadLocal$Handle.runWith(LexicalThreadLocal.scala:63)
	at org.apache.spark.sql.execution.QueryExecution.$anonfun$executePhase$2(QueryExecution.scala:950)
	at com.databricks.util.LexicalThreadLocal$Handle.runWith(LexicalThreadLocal.scala:63)
	at org.apache.spark.sql.execution.QueryExecution.withQueryExecutionId(QueryExecution.scala:938)
	at org.apache.spark.sql.execution.QueryExecution.$anonfun$executePhase$1(QueryExecution.scala:949)
	at org.apache.spark.sql.SparkSession.withActive(SparkSession.scala:860)
	at org.apache.spark.sql.execution.QueryExecution.executePhase(QueryExecution.scala:948)
	at org.apache.spark.sql.execution.QueryExecution.$anonfun$lazyAnalyzed$2(QueryExecution.scala:421)
	at com.databricks.sql.util.MemoryTrackerHelper.withMemoryTracking(MemoryTrackerHelper.scala:111)
	at org.apache.spark.sql.execution.QueryExecution.$anonfun$lazyAnalyzed$1(QueryExecution.scala:420)
	at scala.util.Try$.apply(Try.scala:217)
	at org.apache.spark.util.Utils$.doTryWithCallerStacktrace(Utils.scala:1684)
	at org.apache.spark.util.LazyTry.tryT$lzycompute(LazyTry.scala:60)
	at org.apache.spark.util.LazyTry.tryT(LazyTry.scala:59)
	at org.apache.spark.util.LazyTry.get(LazyTry.scala:75)
	at org.apache.spark.sql.execution.QueryExecution.analyzed(QueryExecution.scala:481)
	at org.apache.spark.sql.execution.QueryExecution.assertAnalyzed(QueryExecution.scala:394)
	at org.apache.spark.sql.classic.Dataset$.$anonfun$ofRows$11(Dataset.scala:243)
	at org.apache.spark.sql.SparkSession.withActive(SparkSession.scala:860)
	at org.apache.spark.sql.classic.SparkSession.$anonfun$withActiveAndFrameProfiler$1(SparkSession.scala:1127)
	at com.databricks.spark.util.FrameProfiler$.$anonfun$record$1(FrameProfiler.scala:114)
	at com.databricks.spark.util.FrameProfilerExporter$.maybeExportFrameProfiler(FrameProfilerExporter.scala:200)
	at com.databricks.spark.util.FrameProfiler$.record(FrameProfiler.scala:105)
	at org.apache.spark.sql.classic.SparkSession.withActiveAndFrameProfiler(SparkSession.scala:1127)
	at org.apache.spark.sql.classic.Dataset$.ofRows(Dataset.scala:238)
	at org.apache.spark.sql.connect.execution.SparkConnectPlanExecution.handlePlan(SparkConnectPlanExecution.scala:115)
	at org.apache.spark.sql.connect.execution.ExecuteThreadRunner.handlePlan(ExecuteThreadRunner.scala:385)
	at org.apache.spark.sql.connect.execution.ExecuteThreadRunner.$anonfun$executeInternal$1(ExecuteThreadRunner.scala:291)
	at org.apache.spark.sql.connect.execution.ExecuteThreadRunner.$anonfun$executeInternal$1$adapted(ExecuteThreadRunner.scala:247)
	at org.apache.spark.sql.connect.service.SessionHolder.$anonfun$withSession$2(SessionHolder.scala:536)
	at org.apache.spark.sql.SparkSession.withActive(SparkSession.scala:860)
	at org.apache.spark.sql.connect.service.SessionHolder.$anonfun$withSession$1(SessionHolder.scala:536)
	at org.apache.spark.util.Utils$.getTryWithCallerStacktrace(Utils.scala:1745)
	at org.apache.spark.util.LazyTry.get(LazyTry.scala:75)
	at org.apache.spark.sql.execution.QueryExecution.executedPlan(QueryExecution.scala:873)
	at com.databricks.spark.sqlgateway.history.SqlExecutionMetrics.$anonfun$setQueryExecution$2(SqlExecutionMetrics.scala:199)
	at scala.Option.map(Option.scala:242)
	at com.databricks.spark.sqlgateway.history.SqlExecutionMetrics.$anonfun$setQueryExecution$1(SqlExecutionMetrics.scala:199)
	at scala.util.Try$.apply(Try.scala:217)
	at com.databricks.spark.sqlgateway.history.SqlExecutionMetrics.setQueryExecution(SqlExecutionMetrics.scala:199)
	at com.databricks.spark.sqlgateway.history.SqlGatewayHistorySparkListener.$anonfun$onSqlStart$1(SqlGatewayHistorySparkListener.scala:870)
	at com.databricks.spark.util.FrameProfiler$.$anonfun$record$1(FrameProfiler.scala:114)
	at com.databricks.spark.util.FrameProfilerExporter$.maybeExportFrameProfiler(FrameProfilerExporter.scala:200)
	at com.databricks.spark.util.FrameProfiler$.record(FrameProfiler.scala:105)
	at com.databricks.spark.sqlgateway.history.SqlGatewayHistorySparkListener.com$databricks$spark$sqlgateway$history$SqlGatewayHistorySparkListener$$onSqlStart(SqlGatewayHistorySparkListener.scala:814)
	at com.databricks.spark.sqlgateway.history.SqlGatewayHistorySparkListener$$anonfun$onOtherEventDefault$1.applyOrElse(SqlGatewayHistorySparkListener.scala:234)
	at com.databricks.spark.sqlgateway.history.SqlGatewayHistorySparkListener$$anonfun$onOtherEventDefault$1.applyOrElse(SqlGatewayHistorySparkListener.scala:222)
	at scala.runtime.AbstractPartialFunction.apply(AbstractPartialFunction.scala:35)
	at com.databricks.spark.sqlgateway.history.utils.ScriptStatementHelper$$anonfun$onOtherEvent$1.applyOrElse(ScriptStatementHelper.scala:28)
	at com.databricks.spark.sqlgateway.history.utils.ScriptStatementHelper$$anonfun$onOtherEvent$1.applyOrElse(ScriptStatementHelper.scala:28)
	at scala.PartialFunction$OrElse.applyOrElse(PartialFunction.scala:270)
	at com.databricks.spark.sqlgateway.history.SqlGatewayHistorySparkListener.$anonfun$onOtherEvent$1(SqlGatewayHistorySparkListener.scala:200)
	at scala.runtime.java8.JFunction0$mcV$sp.apply(JFunction0$mcV$sp.scala:18)
	at com.databricks.spark.util.FrameProfiler$.$anonfun$record$1(FrameProfiler.scala:114)
	at com.databricks.spark.util.FrameProfilerExporter$.maybeExportFrameProfiler(FrameProfilerExporter.scala:200)
	at com.databricks.spark.util.FrameProfiler$.record(FrameProfiler.scala:105)
	at com.databricks.spark.sqlgateway.history.SqlGatewayHistorySparkListener.onOtherEvent(SqlGatewayHistorySparkListener.scala:200)
	at org.apache.spark.scheduler.SparkListenerBus.doPostEvent(SparkListenerBus.scala:108)
	at org.apache.spark.scheduler.SparkListenerBus.doPostEvent$(SparkListenerBus.scala:28)
	at org.apache.spark.scheduler.AsyncEventQueue.doPostEvent(AsyncEventQueue.scala:46)
	at org.apache.spark.scheduler.AsyncEventQueue.doPostEvent(AsyncEventQueue.scala:46)
	at org.apache.spark.util.ListenerBus.postToAll(ListenerBus.scala:208)
	at org.apache.spark.util.ListenerBus.postToAll$(ListenerBus.scala:172)
	at org.apache.spark.scheduler.AsyncEventQueue.super$postToAll(AsyncEventQueue.scala:150)
	at org.apache.spark.scheduler.AsyncEventQueue.$anonfun$dispatch$1(AsyncEventQueue.scala:150)
	at scala.runtime.java8.JFunction0$mcJ$sp.apply(JFunction0$mcJ$sp.scala:17)
	at scala.util.DynamicVariable.withValue(DynamicVariable.scala:59)
	at org.apache.spark.scheduler.AsyncEventQueue.org$apache$spark$scheduler$AsyncEventQueue$$dispatch(AsyncEventQueue.scala:119)
	at org.apache.spark.scheduler.AsyncEventQueue$$anon$2.$anonfun$run$1(AsyncEventQueue.scala:115)
	at org.apache.spark.util.Utils$.tryOrStopSparkContext(Utils.scala:1572)
	at org.apache.spark.scheduler.AsyncEventQueue$$anon$2.run(AsyncEventQueue.scala:115)
