2026-03-01 06:05:34 - root - INFO - ✓ Logging to file: /Workspace/Users/ajmalkhan88083@gmail.com/end_to_end_data_engineering/Logs/etl_pipeline_20260301_060534.log
2026-03-01 06:05:34 - __main__ - INFO - Starting Problem 7: Which payment methods drive the most revenue?
2026-03-01 06:05:34 - __main__ - INFO - Step 1: Extracting data...
2026-03-01 06:05:34 - __main__ - INFO - Starting data extraction...
2026-03-01 06:05:34 - __main__ - INFO -   Reading customer.csv...
2026-03-01 06:05:36 - __main__ - INFO - Loaded 6000000 customer records
2026-03-01 06:05:36 - __main__ - INFO -   Reading orders.csv...
2026-03-01 06:05:38 - __main__ - INFO - Loaded 10000000 Order records
2026-03-01 06:05:38 - __main__ - INFO -   Reading order_items.csv...
2026-03-01 06:05:42 - __main__ - INFO - Loaded 30000000 order_items records
2026-03-01 06:05:42 - __main__ - INFO -   Reading product.csv...
2026-03-01 06:05:43 - __main__ - INFO - Loaded 150000 product records
2026-03-01 06:06:11 - __main__ - INFO - Extraction successful
2026-03-01 06:06:14 - __main__ - INFO - Revenue Summary: 110 rows
2026-03-01 06:06:18 - __main__ - INFO - Top 5 Products: 25 rows
2026-03-01 06:06:25 - __main__ - INFO - Step 3: Loading data to sink...
2026-03-01 06:06:25 - __main__ - ERROR - Problem 7 FAILED
2026-03-01 06:06:25 - __main__ - ERROR - Error: AbstractLoader.__init__() takes 2 positional arguments but 3 were given
Traceback (most recent call last):
  File "/home/spark-3fa5edd1-09c2-4ea4-9220-74/.ipykernel/2727/command-7741236471166683-1223909674", line 35, in runner
    paymentMethodRevenueLoader(revenue_summaryDF,top_5_productDF).sink()
    ^^^^^^^^^^^^^^^^^^^^^^^^^^^^^^^^^^^^^^^^^^^^^^^^^^^^^^^^^^^^^
TypeError: AbstractLoader.__init__() takes 2 positional arguments but 3 were given
