2026-02-02 06:41:00 - root - INFO - ✓ Logging to file: /Workspace/Users/ajmalkhan88083@gmail.com/end_to_end_data_engineering/Logs/etl_pipeline_20260202_064100.log
2026-02-02 06:41:00 - __main__ - INFO - Starting Problem 3: Top Cities by Revenue Which cities contribute the most revenue?
2026-02-02 06:41:00 - __main__ - INFO - Step 1: Extracting data...
2026-02-02 06:41:00 - __main__ - INFO - Starting data extraction...
2026-02-02 06:41:00 - __main__ - INFO -   Reading customer.csv...
2026-02-02 06:41:01 - __main__ - INFO - Loaded 6000000 customer records
2026-02-02 06:41:01 - __main__ - INFO -   Reading orders.csv...
2026-02-02 06:41:03 - __main__ - INFO - Loaded 10000000 Order records
2026-02-02 06:41:03 - __main__ - INFO -   Reading order_items.csv...
2026-02-02 06:41:07 - __main__ - INFO - Loaded 30000000 order_items records
2026-02-02 06:41:07 - __main__ - INFO -   Reading product.csv...
2026-02-02 06:41:08 - __main__ - INFO - Loaded 150000 product records
2026-02-02 06:41:34 - __main__ - INFO -  Extraction successful
2026-02-02 06:41:34 - __main__ - INFO - Step 2: Transforming data...
2026-02-02 06:41:36 - __main__ - INFO - Transformation successful. Rows: 7
2026-02-02 06:41:38 - __main__ - INFO - Step 3: Loading data to sink...
2026-02-02 06:41:38 - __main__ - INFO - Loading Top Cities By Revenue data to DBFS...
2026-02-02 06:41:40 - __main__ - INFO -   Total rows to load: 7
2026-02-02 06:41:42 - __main__ - INFO -  Successfully loaded 7 rows to DBFS...
2026-02-02 06:41:42 - __main__ - INFO -  Loading successful
2026-02-02 06:41:42 - __main__ - INFO - ✓ Problem 3 COMPLETED

