2026-03-01 05:12:04 - root - INFO - ✓ Logging to file: /Workspace/Users/ajmalkhan88083@gmail.com/end_to_end_data_engineering/Logs/etl_pipeline_20260301_051204.log
2026-03-01 05:12:04 - __main__ - INFO - Starting Problem 7: Which payment methods drive the most revenue?
2026-03-01 05:12:04 - __main__ - INFO - Step 1: Extracting data...
2026-03-01 05:12:04 - __main__ - INFO - Starting data extraction...
2026-03-01 05:12:04 - __main__ - INFO -   Reading customer.csv...
2026-03-01 05:12:06 - __main__ - INFO - Loaded 6000000 customer records
2026-03-01 05:12:06 - __main__ - INFO -   Reading orders.csv...
2026-03-01 05:12:08 - __main__ - INFO - Loaded 10000000 Order records
2026-03-01 05:12:08 - __main__ - INFO -   Reading order_items.csv...
2026-03-01 05:12:12 - __main__ - INFO - Loaded 30000000 order_items records
2026-03-01 05:12:12 - __main__ - INFO -   Reading product.csv...
2026-03-01 05:12:13 - __main__ - INFO - Loaded 150000 product records
2026-03-01 05:12:41 - __main__ - INFO - Extraction successful
2026-03-01 05:12:41 - __main__ - ERROR - Problem 7 FAILED
2026-03-01 05:12:41 - __main__ - ERROR - Error: 'NoneType' object has no attribute 'count'
Traceback (most recent call last):
  File "/home/spark-3fa5edd1-09c2-4ea4-9220-74/.ipykernel/2727/command-7741236471166683-1008566460", line 26, in runner
    logger.info(f"Revenue Summary: {revenue_summaryDF.count()} rows")
                                    ^^^^^^^^^^^^^^^^^^^^^^^
AttributeError: 'NoneType' object has no attribute 'count'
