2026-03-02 07:01:38 - root - INFO - ✓ Logging to file: /Workspace/Users/ajmalkhan88083@gmail.com/end_to_end_data_engineering/Logs/etl_pipeline_20260302_070138.log
2026-03-02 07:01:38 - __main__ - INFO - Starting Problem 7: Which payment methods drive the most revenue?
2026-03-02 07:01:38 - __main__ - INFO - Step 1: Extracting data...
2026-03-02 07:01:38 - __main__ - INFO - Starting data extraction...
2026-03-02 07:01:38 - __main__ - INFO -   Reading customer.csv...
2026-03-02 07:01:40 - __main__ - INFO - Loaded 6000000 customer records
2026-03-02 07:01:40 - __main__ - INFO -   Reading orders.csv...
2026-03-02 07:01:42 - __main__ - INFO - Loaded 10000000 Order records
2026-03-02 07:01:42 - __main__ - INFO -   Reading order_items.csv...
2026-03-02 07:01:46 - __main__ - INFO - Loaded 30000000 order_items records
2026-03-02 07:01:46 - __main__ - INFO -   Reading product.csv...
2026-03-02 07:01:47 - __main__ - INFO - Loaded 150000 product records
2026-03-02 07:02:15 - __main__ - INFO - Extraction successful
2026-03-02 07:02:20 - __main__ - INFO - Revenue Summary: 110 rows
2026-03-02 07:02:24 - __main__ - INFO - Top 5 Products: 25 rows
2026-03-02 07:02:31 - __main__ - INFO - Step 3: Loading data to sink...
2026-03-02 07:02:31 - __main__ - INFO - Loading productCategoriesRevenue data to DBFS...
2026-03-02 07:02:34 - __main__ - INFO -   Total rows to load: 110
2026-03-02 07:02:39 - __main__ - INFO -    Revenue summary loaded
2026-03-02 07:02:39 - __main__ - INFO -    Revenue summary loaded
2026-03-02 07:02:39 - __main__ - INFO - Loading top5Products data to DBFS...
2026-03-02 07:02:43 - __main__ - INFO -   Total rows to load: 25
2026-03-02 07:02:43 - __main__ - INFO -   Loading top 5 products...
2026-03-02 07:02:48 - __main__ - INFO -    Top 5 products loaded
2026-03-02 07:02:48 - __main__ - INFO -  Successfully loaded 25 rows to DBFS...
2026-03-02 07:02:48 - __main__ - INFO -    Top 5 products loaded
2026-03-02 07:02:48 - __main__ - INFO -    Problem 7 COMPLETED

