2026-02-27 05:20:17 - root - INFO - ✓ Logging to file: /Workspace/Users/ajmalkhan88083@gmail.com/end_to_end_data_engineering/Logs/etl_pipeline_20260227_052017.log
2026-02-27 05:20:17 - __main__ - INFO - Starting Problem 7: Which payment methods drive the most revenue?
2026-02-27 05:20:17 - __main__ - INFO - Step 1: Extracting data...
2026-02-27 05:20:17 - __main__ - INFO - Starting data extraction...
2026-02-27 05:20:17 - __main__ - INFO -   Reading customer.csv...
2026-02-27 05:20:18 - __main__ - INFO - Loaded 6000000 customer records
2026-02-27 05:20:18 - __main__ - INFO -   Reading orders.csv...
2026-02-27 05:20:20 - __main__ - INFO - Loaded 10000000 Order records
2026-02-27 05:20:20 - __main__ - INFO -   Reading order_items.csv...
2026-02-27 05:20:25 - __main__ - INFO - Loaded 30000000 order_items records
2026-02-27 05:20:25 - __main__ - INFO -   Reading product.csv...
2026-02-27 05:20:25 - __main__ - INFO - Loaded 150000 product records
2026-02-27 05:20:55 - __main__ - INFO - Extraction successful
2026-02-27 05:20:56 - __main__ - ERROR - Problem 7 FAILED
2026-02-27 05:20:56 - __main__ - ERROR - Error: tuple.count() takes exactly one argument (0 given)
Traceback (most recent call last):
  File "/home/spark-f67146fb-db4f-44fc-bb3a-71/.ipykernel/2671/command-7741236471166683-3045584786", line 25, in runner
    logger.info(f"Transformation successful. Rows:{productCategoriesRevenueDf.count()}")
                                                   ^^^^^^^^^^^^^^^^^^^^^^^^^^^^^^^^^^
TypeError: tuple.count() takes exactly one argument (0 given)
