2026-02-21 09:22:34 - root - INFO - ✓ Logging to file: /Workspace/Users/ajmalkhan88083@gmail.com/end_to_end_data_engineering/Logs/etl_pipeline_20260221_092234.log
2026-02-21 09:22:34 - __main__ - INFO - Starting Problem 6: Which payment methods drive the most revenue?
2026-02-21 09:22:34 - __main__ - INFO - Step 1: Extracting data...
2026-02-21 09:22:34 - __main__ - INFO - Starting data extraction...
2026-02-21 09:22:34 - __main__ - INFO -   Reading customer.csv...
2026-02-21 09:22:36 - __main__ - INFO - Loaded 6000000 customer records
2026-02-21 09:22:36 - __main__ - INFO -   Reading orders.csv...
2026-02-21 09:22:38 - __main__ - INFO - Loaded 10000000 Order records
2026-02-21 09:22:38 - __main__ - INFO -   Reading order_items.csv...
2026-02-21 09:22:42 - __main__ - INFO - Loaded 30000000 order_items records
2026-02-21 09:22:42 - __main__ - INFO -   Reading product.csv...
2026-02-21 09:22:43 - __main__ - INFO - Loaded 150000 product records
2026-02-21 09:23:13 - __main__ - INFO - Extraction successful
2026-02-21 09:23:13 - __main__ - INFO - Step 2: Transforming data...
2026-02-21 09:23:14 - __main__ - INFO - Transformation successful. Rows:6
2026-02-21 09:23:15 - __main__ - INFO - Step 3: Loading data to sink...
2026-02-21 09:23:15 - __main__ - INFO - Loading repeatvsOneTimeCustomers data to DBFS...
2026-02-21 09:23:16 - __main__ - INFO -   Total rows to load: 6
2026-02-21 09:23:19 - __main__ - INFO -  Successfully loaded 6 rows to DBFS
2026-02-21 09:23:19 - __main__ - INFO - Loading successful
2026-02-21 09:23:19 - __main__ - INFO - Problem 6 COMPLETED

