2026-02-17 16:18:38 - root - INFO - ✓ Logging to file: /Workspace/Users/ajmalkhan88083@gmail.com/end_to_end_data_engineering/Logs/etl_pipeline_20260217_161838.log
2026-02-17 16:18:38 - __main__ - INFO - Starting Problem 5: What percentage of orders are delivered vs cancelled?
2026-02-17 16:18:38 - __main__ - INFO - Step 1: Extracting data...
2026-02-17 16:18:38 - __main__ - INFO - Starting data extraction...
2026-02-17 16:18:38 - __main__ - INFO -   Reading customer.csv...
2026-02-17 16:18:40 - __main__ - INFO - Loaded 6000000 customer records
2026-02-17 16:18:40 - __main__ - INFO -   Reading orders.csv...
2026-02-17 16:18:42 - __main__ - INFO - Loaded 10000000 Order records
2026-02-17 16:18:42 - __main__ - INFO -   Reading order_items.csv...
2026-02-17 16:18:46 - __main__ - INFO - Loaded 30000000 order_items records
2026-02-17 16:18:46 - __main__ - INFO -   Reading product.csv...
2026-02-17 16:18:47 - __main__ - INFO - Loaded 150000 product records
2026-02-17 16:19:15 - __main__ - INFO -  Extraction successful
2026-02-17 16:19:15 - __main__ - INFO - Step 2: Transforming data...
2026-02-17 16:19:16 - __main__ - INFO - Transformation successful. Rows: 730
2026-02-17 16:19:17 - __main__ - INFO - Step 3: Loading data to sink...
2026-02-17 16:19:17 - __main__ - ERROR -  Problem 5 FAILED
2026-02-17 16:19:17 - __main__ - ERROR - Error: orderDeliveredVsCancelledLoader() takes no arguments
Traceback (most recent call last):
  File "/home/spark-c02cf654-77c6-402a-9aa9-1a/.ipykernel/2889/command-7428020290726352-4265598829", line 34, in runner
    orderDeliveredVsCancelledLoader(orderDeliveredVsCancelledDF).sink()
    ^^^^^^^^^^^^^^^^^^^^^^^^^^^^^^^^^^^^^^^^^^^^^^^^^^^^^^^^^^^^
TypeError: orderDeliveredVsCancelledLoader() takes no arguments
