2026-02-09 06:38:42 - root - INFO - ✓ Logging to file: /Workspace/Users/ajmalkhan88083@gmail.com/end_to_end_data_engineering/Logs/etl_pipeline_20260209_063841.log
2026-02-09 06:38:42 - __main__ - INFO - Starting Problem 4: How many customers are repeat buyers vs one-time buyers?
2026-02-09 06:38:42 - __main__ - INFO - Step 1: Extracting data...
2026-02-09 06:38:42 - __main__ - INFO - Starting data extraction...
2026-02-09 06:38:42 - __main__ - INFO -   Reading customer.csv...
2026-02-09 06:38:43 - __main__ - INFO - Loaded 6000000 customer records
2026-02-09 06:38:43 - __main__ - INFO -   Reading orders.csv...
2026-02-09 06:38:45 - __main__ - INFO - Loaded 10000000 Order records
2026-02-09 06:38:45 - __main__ - INFO -   Reading order_items.csv...
2026-02-09 06:38:49 - __main__ - INFO - Loaded 30000000 order_items records
2026-02-09 06:38:49 - __main__ - INFO -   Reading product.csv...
2026-02-09 06:38:50 - __main__ - INFO - Loaded 150000 product records
2026-02-09 06:39:17 - __main__ - INFO -  Extraction successful
2026-02-09 06:39:17 - __main__ - INFO - Step 2: Transforming data...
2026-02-09 06:39:17 - __main__ - ERROR -  Problem 4 FAILED
2026-02-09 06:39:17 - __main__ - ERROR - Error: 'str' object has no attribute 'alias'
Traceback (most recent call last):
  File "/home/spark-fd322e1c-16f0-466a-8635-7b/.ipykernel/2608/command-8264531454665573-288276240", line 23, in runner
    repeatvsOneTimeCustomersDF = repeatvsOneTimeCustomers().transform(inputDFs)
                                 ^^^^^^^^^^^^^^^^^^^^^^^^^^^^^^^^^^^^^^^^^^^^^^
  File "/home/spark-fd322e1c-16f0-466a-8635-7b/.ipykernel/2608/command-5195029872733773-233622189", line 218, in transform
    'Order_count'.alias('One_time_buyers')
    ^^^^^^^^^^^^^^^^^^^
AttributeError: 'str' object has no attribute 'alias'
