2026-03-01 05:22:40 - root - INFO - ✓ Logging to file: /Workspace/Users/ajmalkhan88083@gmail.com/end_to_end_data_engineering/Logs/etl_pipeline_20260301_052240.log
2026-03-01 05:22:40 - __main__ - INFO - Starting Problem 7: Which payment methods drive the most revenue?
2026-03-01 05:22:40 - __main__ - INFO - Step 1: Extracting data...
2026-03-01 05:22:40 - __main__ - INFO - Starting data extraction...
2026-03-01 05:22:40 - __main__ - INFO -   Reading customer.csv...
2026-03-01 05:22:41 - __main__ - INFO - Loaded 6000000 customer records
2026-03-01 05:22:41 - __main__ - INFO -   Reading orders.csv...
2026-03-01 05:22:43 - __main__ - INFO - Loaded 10000000 Order records
2026-03-01 05:22:43 - __main__ - INFO -   Reading order_items.csv...
2026-03-01 05:22:47 - __main__ - INFO - Loaded 30000000 order_items records
2026-03-01 05:22:47 - __main__ - INFO -   Reading product.csv...
2026-03-01 05:22:48 - __main__ - INFO - Loaded 150000 product records
2026-03-01 05:23:16 - __main__ - INFO - Extraction successful
2026-03-01 05:23:20 - __main__ - INFO - Revenue Summary: 110 rows
2026-03-01 05:23:23 - __main__ - INFO - Top 5 Products: 25 rows
2026-03-01 05:46:07 - __main__ - INFO - Starting data extraction...
2026-03-01 05:46:07 - __main__ - INFO -   Reading customer.csv...
2026-03-01 05:46:09 - __main__ - INFO - Loaded 6000000 customer records
2026-03-01 05:46:09 - __main__ - INFO -   Reading orders.csv...
2026-03-01 05:46:11 - __main__ - INFO - Loaded 10000000 Order records
2026-03-01 05:46:11 - __main__ - INFO -   Reading order_items.csv...
2026-03-01 05:46:15 - __main__ - INFO - Loaded 30000000 order_items records
2026-03-01 05:46:15 - __main__ - INFO -   Reading product.csv...
2026-03-01 05:46:15 - __main__ - INFO - Loaded 150000 product records
