2026-02-25 06:33:51 - root - INFO - ✓ Logging to file: /Workspace/Users/ajmalkhan88083@gmail.com/end_to_end_data_engineering/Logs/etl_pipeline_20260225_063351.log
2026-02-25 06:33:51 - __main__ - INFO - Starting Problem 7: Which payment methods drive the most revenue?
2026-02-25 06:33:51 - __main__ - INFO - Step 1: Extracting data...
2026-02-25 06:33:51 - __main__ - INFO - Starting data extraction...
2026-02-25 06:33:51 - __main__ - INFO -   Reading customer.csv...
2026-02-25 06:33:52 - __main__ - INFO - Loaded 6000000 customer records
2026-02-25 06:33:52 - __main__ - INFO -   Reading orders.csv...
2026-02-25 06:33:55 - __main__ - INFO - Loaded 10000000 Order records
2026-02-25 06:33:55 - __main__ - INFO -   Reading order_items.csv...
2026-02-25 06:33:59 - __main__ - INFO - Loaded 30000000 order_items records
2026-02-25 06:33:59 - __main__ - INFO -   Reading product.csv...
2026-02-25 06:34:00 - __main__ - INFO - Loaded 150000 product records
2026-02-25 06:34:30 - __main__ - INFO - Extraction successful
2026-02-25 06:34:31 - __main__ - ERROR - Problem 7 FAILED
2026-02-25 06:34:31 - __main__ - ERROR - Error: 'tuple' object has no attribute 'show'
Traceback (most recent call last):
  File "/home/spark-6a940ed1-e5f1-42b0-9ce1-67/.ipykernel/2866/command-7741236471166683-47786051", line 28, in runner
    productCategoriesRevenueDf.show()
    ^^^^^^^^^^^^^^^^^^^^^^^^^^^^^^^
AttributeError: 'tuple' object has no attribute 'show'
